Determining if the pthread_create exist failed with the following output:
Change Dir: /home/rrzhang/WorkSpace/Jetbrains/CLionProjects/test_leveldb/cmake-build-debug/CMakeFiles/CMakeTmp

Run Build Command(s):/home/rrzhang/.local/make-4.2.1/bin/make cmTC_1b9b0/fast 
/home/rrzhang/.local/make-4.2.1/bin/make -f CMakeFiles/cmTC_1b9b0.dir/build.make CMakeFiles/cmTC_1b9b0.dir/build
make[1]: Entering directory '/home/rrzhang/WorkSpace/Jetbrains/CLionProjects/test_leveldb/cmake-build-debug/CMakeFiles/CMakeTmp'
Building C object CMakeFiles/cmTC_1b9b0.dir/CheckSymbolExists.c.o
/home/rrzhang/.local/gcc-7.3.0/bin/gcc    -o CMakeFiles/cmTC_1b9b0.dir/CheckSymbolExists.c.o   -c /home/rrzhang/WorkSpace/Jetbrains/CLionProjects/test_leveldb/cmake-build-debug/CMakeFiles/CMakeTmp/CheckSymbolExists.c
Linking C executable cmTC_1b9b0
/home/rrzhang/.local/cmake-3.14.0/bin/cmake -E cmake_link_script CMakeFiles/cmTC_1b9b0.dir/link.txt --verbose=1
/home/rrzhang/.local/gcc-7.3.0/bin/gcc      CMakeFiles/cmTC_1b9b0.dir/CheckSymbolExists.c.o  -o cmTC_1b9b0 
CMakeFiles/cmTC_1b9b0.dir/CheckSymbolExists.c.o：在函数‘main’中：
CheckSymbolExists.c:(.text+0x16)：对‘pthread_create’未定义的引用
collect2: error: ld returned 1 exit status
make[1]: *** [CMakeFiles/cmTC_1b9b0.dir/build.make:87: cmTC_1b9b0] Error 1
make[1]: Leaving directory '/home/rrzhang/WorkSpace/Jetbrains/CLionProjects/test_leveldb/cmake-build-debug/CMakeFiles/CMakeTmp'
make: *** [Makefile:121: cmTC_1b9b0/fast] Error 2

File /home/rrzhang/WorkSpace/Jetbrains/CLionProjects/test_leveldb/cmake-build-debug/CMakeFiles/CMakeTmp/CheckSymbolExists.c:
/* */
#include <pthread.h>

int main(int argc, char** argv)
{
  (void)argv;
#ifndef pthread_create
  return ((int*)(&pthread_create))[argc];
#else
  (void)argc;
  return 0;
#endif
}

Determining if the function pthread_create exists in the pthreads failed with the following output:
Change Dir: /home/rrzhang/WorkSpace/Jetbrains/CLionProjects/test_leveldb/cmake-build-debug/CMakeFiles/CMakeTmp

Run Build Command(s):/home/rrzhang/.local/make-4.2.1/bin/make cmTC_58673/fast 
/home/rrzhang/.local/make-4.2.1/bin/make -f CMakeFiles/cmTC_58673.dir/build.make CMakeFiles/cmTC_58673.dir/build
make[1]: Entering directory '/home/rrzhang/WorkSpace/Jetbrains/CLionProjects/test_leveldb/cmake-build-debug/CMakeFiles/CMakeTmp'
Building C object CMakeFiles/cmTC_58673.dir/CheckFunctionExists.c.o
/home/rrzhang/.local/gcc-7.3.0/bin/gcc   -DCHECK_FUNCTION_EXISTS=pthread_create   -o CMakeFiles/cmTC_58673.dir/CheckFunctionExists.c.o   -c /home/rrzhang/.local/cmake-3.14.0/share/cmake-3.14/Modules/CheckFunctionExists.c
Linking C executable cmTC_58673
/home/rrzhang/.local/cmake-3.14.0/bin/cmake -E cmake_link_script CMakeFiles/cmTC_58673.dir/link.txt --verbose=1
/home/rrzhang/.local/gcc-7.3.0/bin/gcc  -DCHECK_FUNCTION_EXISTS=pthread_create    CMakeFiles/cmTC_58673.dir/CheckFunctionExists.c.o  -o cmTC_58673 -lpthreads 
/usr/bin/ld: 找不到 -lpthreads
collect2: error: ld returned 1 exit status
make[1]: *** [CMakeFiles/cmTC_58673.dir/build.make:87: cmTC_58673] Error 1
make[1]: Leaving directory '/home/rrzhang/WorkSpace/Jetbrains/CLionProjects/test_leveldb/cmake-build-debug/CMakeFiles/CMakeTmp'
make: *** [Makefile:121: cmTC_58673/fast] Error 2


