The system is: Linux - 4.15.0-29deepin-generic - x86_64
Compiling the C compiler identification source file "CMakeCCompilerId.c" succeeded.
Compiler: /home/rrzhang/.local/gcc-7.3.0/bin/gcc 
Build flags: 
Id flags:  

The output was:
0


Compilation of the C compiler identification source "CMakeCCompilerId.c" produced "a.out"

The C compiler identification is GNU, found in "/home/rrzhang/WorkSpace/Jetbrains/CLionProjects/test_leveldb/cmake-build-debug/CMakeFiles/3.14.0/CompilerIdC/a.out"

Compiling the CXX compiler identification source file "CMakeCXXCompilerId.cpp" succeeded.
Compiler: /home/rrzhang/.local/gcc-7.3.0/bin/g++ 
Build flags: 
Id flags:  

The output was:
0


Compilation of the CXX compiler identification source "CMakeCXXCompilerId.cpp" produced "a.out"

The CXX compiler identification is GNU, found in "/home/rrzhang/WorkSpace/Jetbrains/CLionProjects/test_leveldb/cmake-build-debug/CMakeFiles/3.14.0/CompilerIdCXX/a.out"

Determining if the C compiler works passed with the following output:
Change Dir: /home/rrzhang/WorkSpace/Jetbrains/CLionProjects/test_leveldb/cmake-build-debug/CMakeFiles/CMakeTmp

Run Build Command(s):/home/rrzhang/.local/make-4.2.1/bin/make cmTC_5fb96/fast 
/home/rrzhang/.local/make-4.2.1/bin/make -f CMakeFiles/cmTC_5fb96.dir/build.make CMakeFiles/cmTC_5fb96.dir/build
make[1]: Entering directory '/home/rrzhang/WorkSpace/Jetbrains/CLionProjects/test_leveldb/cmake-build-debug/CMakeFiles/CMakeTmp'
Building C object CMakeFiles/cmTC_5fb96.dir/testCCompiler.c.o
/home/rrzhang/.local/gcc-7.3.0/bin/gcc    -o CMakeFiles/cmTC_5fb96.dir/testCCompiler.c.o   -c /home/rrzhang/WorkSpace/Jetbrains/CLionProjects/test_leveldb/cmake-build-debug/CMakeFiles/CMakeTmp/testCCompiler.c
Linking C executable cmTC_5fb96
/home/rrzhang/.local/cmake-3.14.0/bin/cmake -E cmake_link_script CMakeFiles/cmTC_5fb96.dir/link.txt --verbose=1
/home/rrzhang/.local/gcc-7.3.0/bin/gcc      CMakeFiles/cmTC_5fb96.dir/testCCompiler.c.o  -o cmTC_5fb96 
make[1]: Leaving directory '/home/rrzhang/WorkSpace/Jetbrains/CLionProjects/test_leveldb/cmake-build-debug/CMakeFiles/CMakeTmp'


Detecting C compiler ABI info compiled with the following output:
Change Dir: /home/rrzhang/WorkSpace/Jetbrains/CLionProjects/test_leveldb/cmake-build-debug/CMakeFiles/CMakeTmp

Run Build Command(s):/home/rrzhang/.local/make-4.2.1/bin/make cmTC_b62f2/fast 
/home/rrzhang/.local/make-4.2.1/bin/make -f CMakeFiles/cmTC_b62f2.dir/build.make CMakeFiles/cmTC_b62f2.dir/build
make[1]: Entering directory '/home/rrzhang/WorkSpace/Jetbrains/CLionProjects/test_leveldb/cmake-build-debug/CMakeFiles/CMakeTmp'
Building C object CMakeFiles/cmTC_b62f2.dir/CMakeCCompilerABI.c.o
/home/rrzhang/.local/gcc-7.3.0/bin/gcc   -v -o CMakeFiles/cmTC_b62f2.dir/CMakeCCompilerABI.c.o   -c /home/rrzhang/.local/cmake-3.14.0/share/cmake-3.14/Modules/CMakeCCompilerABI.c
Using built-in specs.
COLLECT_GCC=/home/rrzhang/.local/gcc-7.3.0/bin/gcc
Target: x86_64-pc-linux-gnu
Configured with: ../gcc-7.3.0/configure --prefix=/home/rrzhang/gcc --enable-checking=release --enable-languages=c,c++ --disable-multilib
Thread model: posix
gcc version 7.3.0 (GCC) 
COLLECT_GCC_OPTIONS='-v' '-o' 'CMakeFiles/cmTC_b62f2.dir/CMakeCCompilerABI.c.o' '-c' '-mtune=generic' '-march=x86-64'
 /home/rrzhang/.local/gcc-7.3.0/bin/../libexec/gcc/x86_64-pc-linux-gnu/7.3.0/cc1 -quiet -v -imultiarch x86_64-linux-gnu -iprefix /home/rrzhang/.local/gcc-7.3.0/bin/../lib/gcc/x86_64-pc-linux-gnu/7.3.0/ /home/rrzhang/.local/cmake-3.14.0/share/cmake-3.14/Modules/CMakeCCompilerABI.c -quiet -dumpbase CMakeCCompilerABI.c -mtune=generic -march=x86-64 -auxbase-strip CMakeFiles/cmTC_b62f2.dir/CMakeCCompilerABI.c.o -version -o /tmp/cc3AnUNN.s
GNU C11 (GCC) version 7.3.0 (x86_64-pc-linux-gnu)
	compiled by GNU C version 7.3.0, GMP version 6.1.0, MPFR version 3.1.4, MPC version 1.0.3, isl version isl-0.16.1-GMP

GGC heuristics: --param ggc-min-expand=100 --param ggc-min-heapsize=131072
ignoring nonexistent directory "/home/rrzhang/.local/gcc-7.3.0/bin/../lib/gcc/x86_64-pc-linux-gnu/7.3.0/../../../../x86_64-pc-linux-gnu/include"
ignoring duplicate directory "/home/rrzhang/.local/gcc-7.3.0/bin/../lib/gcc/../../lib/gcc/x86_64-pc-linux-gnu/7.3.0/include"
ignoring nonexistent directory "/usr/local/include/x86_64-linux-gnu"
ignoring duplicate directory "/home/rrzhang/.local/gcc-7.3.0/bin/../lib/gcc/../../lib/gcc/x86_64-pc-linux-gnu/7.3.0/include-fixed"
ignoring nonexistent directory "/home/rrzhang/.local/gcc-7.3.0/bin/../lib/gcc/../../lib/gcc/x86_64-pc-linux-gnu/7.3.0/../../../../x86_64-pc-linux-gnu/include"
#include "..." search starts here:
#include <...> search starts here:
 /home/rrzhang/.local/gcc-7.3.0/bin/../lib/gcc/x86_64-pc-linux-gnu/7.3.0/include
 /home/rrzhang/.local/gcc-7.3.0/bin/../lib/gcc/x86_64-pc-linux-gnu/7.3.0/include-fixed
 /usr/local/include
 /home/rrzhang/.local/gcc-7.3.0/bin/../lib/gcc/../../include
 /usr/include/x86_64-linux-gnu
 /usr/include
End of search list.
GNU C11 (GCC) version 7.3.0 (x86_64-pc-linux-gnu)
	compiled by GNU C version 7.3.0, GMP version 6.1.0, MPFR version 3.1.4, MPC version 1.0.3, isl version isl-0.16.1-GMP

GGC heuristics: --param ggc-min-expand=100 --param ggc-min-heapsize=131072
Compiler executable checksum: a39085f9bfaebf6bfd2e9bdd045dc51b
COLLECT_GCC_OPTIONS='-v' '-o' 'CMakeFiles/cmTC_b62f2.dir/CMakeCCompilerABI.c.o' '-c' '-mtune=generic' '-march=x86-64'
 as -v --64 -o CMakeFiles/cmTC_b62f2.dir/CMakeCCompilerABI.c.o /tmp/cc3AnUNN.s
GNU assembler version 2.30 (x86_64-linux-gnu) using BFD version (GNU Binutils for Debian) 2.30
COMPILER_PATH=/home/rrzhang/.local/gcc-7.3.0/bin/../libexec/gcc/x86_64-pc-linux-gnu/7.3.0/:/home/rrzhang/.local/gcc-7.3.0/bin/../libexec/gcc/
LIBRARY_PATH=/home/rrzhang/.local/gcc-7.3.0/bin/../lib/gcc/x86_64-pc-linux-gnu/7.3.0/:/home/rrzhang/.local/gcc-7.3.0/bin/../lib/gcc/:/home/rrzhang/.local/gcc-7.3.0/bin/../lib/gcc/x86_64-pc-linux-gnu/7.3.0/../../../../lib64/:/lib/x86_64-linux-gnu/:/lib/../lib64/:/usr/lib/x86_64-linux-gnu/:/home/rrzhang/.local/gcc-7.3.0/bin/../lib/gcc/x86_64-pc-linux-gnu/7.3.0/../../../:/lib/:/usr/lib/
COLLECT_GCC_OPTIONS='-v' '-o' 'CMakeFiles/cmTC_b62f2.dir/CMakeCCompilerABI.c.o' '-c' '-mtune=generic' '-march=x86-64'
Linking C executable cmTC_b62f2
/home/rrzhang/.local/cmake-3.14.0/bin/cmake -E cmake_link_script CMakeFiles/cmTC_b62f2.dir/link.txt --verbose=1
/home/rrzhang/.local/gcc-7.3.0/bin/gcc     -v CMakeFiles/cmTC_b62f2.dir/CMakeCCompilerABI.c.o  -o cmTC_b62f2 
Using built-in specs.
COLLECT_GCC=/home/rrzhang/.local/gcc-7.3.0/bin/gcc
COLLECT_LTO_WRAPPER=/home/rrzhang/.local/gcc-7.3.0/bin/../libexec/gcc/x86_64-pc-linux-gnu/7.3.0/lto-wrapper
Target: x86_64-pc-linux-gnu
Configured with: ../gcc-7.3.0/configure --prefix=/home/rrzhang/gcc --enable-checking=release --enable-languages=c,c++ --disable-multilib
Thread model: posix
gcc version 7.3.0 (GCC) 
COMPILER_PATH=/home/rrzhang/.local/gcc-7.3.0/bin/../libexec/gcc/x86_64-pc-linux-gnu/7.3.0/:/home/rrzhang/.local/gcc-7.3.0/bin/../libexec/gcc/
LIBRARY_PATH=/home/rrzhang/.local/gcc-7.3.0/bin/../lib/gcc/x86_64-pc-linux-gnu/7.3.0/:/home/rrzhang/.local/gcc-7.3.0/bin/../lib/gcc/:/home/rrzhang/.local/gcc-7.3.0/bin/../lib/gcc/x86_64-pc-linux-gnu/7.3.0/../../../../lib64/:/lib/x86_64-linux-gnu/:/lib/../lib64/:/usr/lib/x86_64-linux-gnu/:/home/rrzhang/.local/gcc-7.3.0/bin/../lib/gcc/x86_64-pc-linux-gnu/7.3.0/../../../:/lib/:/usr/lib/
COLLECT_GCC_OPTIONS='-v' '-o' 'cmTC_b62f2' '-mtune=generic' '-march=x86-64'
 /home/rrzhang/.local/gcc-7.3.0/bin/../libexec/gcc/x86_64-pc-linux-gnu/7.3.0/collect2 -plugin /home/rrzhang/.local/gcc-7.3.0/bin/../libexec/gcc/x86_64-pc-linux-gnu/7.3.0/liblto_plugin.so -plugin-opt=/home/rrzhang/.local/gcc-7.3.0/bin/../libexec/gcc/x86_64-pc-linux-gnu/7.3.0/lto-wrapper -plugin-opt=-fresolution=/tmp/ccCBw94R.res -plugin-opt=-pass-through=-lgcc -plugin-opt=-pass-through=-lgcc_s -plugin-opt=-pass-through=-lc -plugin-opt=-pass-through=-lgcc -plugin-opt=-pass-through=-lgcc_s --eh-frame-hdr -m elf_x86_64 -dynamic-linker /lib64/ld-linux-x86-64.so.2 -o cmTC_b62f2 /usr/lib/x86_64-linux-gnu/crt1.o /usr/lib/x86_64-linux-gnu/crti.o /home/rrzhang/.local/gcc-7.3.0/bin/../lib/gcc/x86_64-pc-linux-gnu/7.3.0/crtbegin.o -L/home/rrzhang/.local/gcc-7.3.0/bin/../lib/gcc/x86_64-pc-linux-gnu/7.3.0 -L/home/rrzhang/.local/gcc-7.3.0/bin/../lib/gcc -L/home/rrzhang/.local/gcc-7.3.0/bin/../lib/gcc/x86_64-pc-linux-gnu/7.3.0/../../../../lib64 -L/lib/x86_64-linux-gnu -L/lib/../lib64 -L/usr/lib/x86_64-linux-gnu -L/home/rrzhang/.local/gcc-7.3.0/bin/../lib/gcc/x86_64-pc-linux-gnu/7.3.0/../../.. CMakeFiles/cmTC_b62f2.dir/CMakeCCompilerABI.c.o -lgcc --as-needed -lgcc_s --no-as-needed -lc -lgcc --as-needed -lgcc_s --no-as-needed /home/rrzhang/.local/gcc-7.3.0/bin/../lib/gcc/x86_64-pc-linux-gnu/7.3.0/crtend.o /usr/lib/x86_64-linux-gnu/crtn.o
COLLECT_GCC_OPTIONS='-v' '-o' 'cmTC_b62f2' '-mtune=generic' '-march=x86-64'
make[1]: Leaving directory '/home/rrzhang/WorkSpace/Jetbrains/CLionProjects/test_leveldb/cmake-build-debug/CMakeFiles/CMakeTmp'


Parsed C implicit include dir info from above output: rv=done
  found start of include info
  found start of implicit include info
    add: [/home/rrzhang/.local/gcc-7.3.0/bin/../lib/gcc/x86_64-pc-linux-gnu/7.3.0/include]
    add: [/home/rrzhang/.local/gcc-7.3.0/bin/../lib/gcc/x86_64-pc-linux-gnu/7.3.0/include-fixed]
    add: [/usr/local/include]
    add: [/home/rrzhang/.local/gcc-7.3.0/bin/../lib/gcc/../../include]
    add: [/usr/include/x86_64-linux-gnu]
    add: [/usr/include]
  end of search list found
  implicit include dirs: [/home/rrzhang/.local/gcc-7.3.0/bin/../lib/gcc/x86_64-pc-linux-gnu/7.3.0/include;/home/rrzhang/.local/gcc-7.3.0/bin/../lib/gcc/x86_64-pc-linux-gnu/7.3.0/include-fixed;/usr/local/include;/home/rrzhang/.local/gcc-7.3.0/bin/../lib/gcc/../../include;/usr/include/x86_64-linux-gnu;/usr/include]


Parsed C implicit link information from above output:
  link line regex: [^( *|.*[/\])(ld|CMAKE_LINK_STARTFILE-NOTFOUND|([^/\]+-)?ld|collect2)[^/\]*( |$)]
  ignore line: [Change Dir: /home/rrzhang/WorkSpace/Jetbrains/CLionProjects/test_leveldb/cmake-build-debug/CMakeFiles/CMakeTmp]
  ignore line: []
  ignore line: [Run Build Command(s):/home/rrzhang/.local/make-4.2.1/bin/make cmTC_b62f2/fast ]
  ignore line: [/home/rrzhang/.local/make-4.2.1/bin/make -f CMakeFiles/cmTC_b62f2.dir/build.make CMakeFiles/cmTC_b62f2.dir/build]
  ignore line: [make[1]: Entering directory '/home/rrzhang/WorkSpace/Jetbrains/CLionProjects/test_leveldb/cmake-build-debug/CMakeFiles/CMakeTmp']
  ignore line: [Building C object CMakeFiles/cmTC_b62f2.dir/CMakeCCompilerABI.c.o]
  ignore line: [/home/rrzhang/.local/gcc-7.3.0/bin/gcc   -v -o CMakeFiles/cmTC_b62f2.dir/CMakeCCompilerABI.c.o   -c /home/rrzhang/.local/cmake-3.14.0/share/cmake-3.14/Modules/CMakeCCompilerABI.c]
  ignore line: [Using built-in specs.]
  ignore line: [COLLECT_GCC=/home/rrzhang/.local/gcc-7.3.0/bin/gcc]
  ignore line: [Target: x86_64-pc-linux-gnu]
  ignore line: [Configured with: ../gcc-7.3.0/configure --prefix=/home/rrzhang/gcc --enable-checking=release --enable-languages=c,c++ --disable-multilib]
  ignore line: [Thread model: posix]
  ignore line: [gcc version 7.3.0 (GCC) ]
  ignore line: [COLLECT_GCC_OPTIONS='-v' '-o' 'CMakeFiles/cmTC_b62f2.dir/CMakeCCompilerABI.c.o' '-c' '-mtune=generic' '-march=x86-64']
  ignore line: [ /home/rrzhang/.local/gcc-7.3.0/bin/../libexec/gcc/x86_64-pc-linux-gnu/7.3.0/cc1 -quiet -v -imultiarch x86_64-linux-gnu -iprefix /home/rrzhang/.local/gcc-7.3.0/bin/../lib/gcc/x86_64-pc-linux-gnu/7.3.0/ /home/rrzhang/.local/cmake-3.14.0/share/cmake-3.14/Modules/CMakeCCompilerABI.c -quiet -dumpbase CMakeCCompilerABI.c -mtune=generic -march=x86-64 -auxbase-strip CMakeFiles/cmTC_b62f2.dir/CMakeCCompilerABI.c.o -version -o /tmp/cc3AnUNN.s]
  ignore line: [GNU C11 (GCC) version 7.3.0 (x86_64-pc-linux-gnu)]
  ignore line: [	compiled by GNU C version 7.3.0, GMP version 6.1.0, MPFR version 3.1.4, MPC version 1.0.3, isl version isl-0.16.1-GMP]
  ignore line: []
  ignore line: [GGC heuristics: --param ggc-min-expand=100 --param ggc-min-heapsize=131072]
  ignore line: [ignoring nonexistent directory "/home/rrzhang/.local/gcc-7.3.0/bin/../lib/gcc/x86_64-pc-linux-gnu/7.3.0/../../../../x86_64-pc-linux-gnu/include"]
  ignore line: [ignoring duplicate directory "/home/rrzhang/.local/gcc-7.3.0/bin/../lib/gcc/../../lib/gcc/x86_64-pc-linux-gnu/7.3.0/include"]
  ignore line: [ignoring nonexistent directory "/usr/local/include/x86_64-linux-gnu"]
  ignore line: [ignoring duplicate directory "/home/rrzhang/.local/gcc-7.3.0/bin/../lib/gcc/../../lib/gcc/x86_64-pc-linux-gnu/7.3.0/include-fixed"]
  ignore line: [ignoring nonexistent directory "/home/rrzhang/.local/gcc-7.3.0/bin/../lib/gcc/../../lib/gcc/x86_64-pc-linux-gnu/7.3.0/../../../../x86_64-pc-linux-gnu/include"]
  ignore line: [#include "..." search starts here:]
  ignore line: [#include <...> search starts here:]
  ignore line: [ /home/rrzhang/.local/gcc-7.3.0/bin/../lib/gcc/x86_64-pc-linux-gnu/7.3.0/include]
  ignore line: [ /home/rrzhang/.local/gcc-7.3.0/bin/../lib/gcc/x86_64-pc-linux-gnu/7.3.0/include-fixed]
  ignore line: [ /usr/local/include]
  ignore line: [ /home/rrzhang/.local/gcc-7.3.0/bin/../lib/gcc/../../include]
  ignore line: [ /usr/include/x86_64-linux-gnu]
  ignore line: [ /usr/include]
  ignore line: [End of search list.]
  ignore line: [GNU C11 (GCC) version 7.3.0 (x86_64-pc-linux-gnu)]
  ignore line: [	compiled by GNU C version 7.3.0, GMP version 6.1.0, MPFR version 3.1.4, MPC version 1.0.3, isl version isl-0.16.1-GMP]
  ignore line: []
  ignore line: [GGC heuristics: --param ggc-min-expand=100 --param ggc-min-heapsize=131072]
  ignore line: [Compiler executable checksum: a39085f9bfaebf6bfd2e9bdd045dc51b]
  ignore line: [COLLECT_GCC_OPTIONS='-v' '-o' 'CMakeFiles/cmTC_b62f2.dir/CMakeCCompilerABI.c.o' '-c' '-mtune=generic' '-march=x86-64']
  ignore line: [ as -v --64 -o CMakeFiles/cmTC_b62f2.dir/CMakeCCompilerABI.c.o /tmp/cc3AnUNN.s]
  ignore line: [GNU assembler version 2.30 (x86_64-linux-gnu) using BFD version (GNU Binutils for Debian) 2.30]
  ignore line: [COMPILER_PATH=/home/rrzhang/.local/gcc-7.3.0/bin/../libexec/gcc/x86_64-pc-linux-gnu/7.3.0/:/home/rrzhang/.local/gcc-7.3.0/bin/../libexec/gcc/]
  ignore line: [LIBRARY_PATH=/home/rrzhang/.local/gcc-7.3.0/bin/../lib/gcc/x86_64-pc-linux-gnu/7.3.0/:/home/rrzhang/.local/gcc-7.3.0/bin/../lib/gcc/:/home/rrzhang/.local/gcc-7.3.0/bin/../lib/gcc/x86_64-pc-linux-gnu/7.3.0/../../../../lib64/:/lib/x86_64-linux-gnu/:/lib/../lib64/:/usr/lib/x86_64-linux-gnu/:/home/rrzhang/.local/gcc-7.3.0/bin/../lib/gcc/x86_64-pc-linux-gnu/7.3.0/../../../:/lib/:/usr/lib/]
  ignore line: [COLLECT_GCC_OPTIONS='-v' '-o' 'CMakeFiles/cmTC_b62f2.dir/CMakeCCompilerABI.c.o' '-c' '-mtune=generic' '-march=x86-64']
  ignore line: [Linking C executable cmTC_b62f2]
  ignore line: [/home/rrzhang/.local/cmake-3.14.0/bin/cmake -E cmake_link_script CMakeFiles/cmTC_b62f2.dir/link.txt --verbose=1]
  ignore line: [/home/rrzhang/.local/gcc-7.3.0/bin/gcc     -v CMakeFiles/cmTC_b62f2.dir/CMakeCCompilerABI.c.o  -o cmTC_b62f2 ]
  ignore line: [Using built-in specs.]
  ignore line: [COLLECT_GCC=/home/rrzhang/.local/gcc-7.3.0/bin/gcc]
  ignore line: [COLLECT_LTO_WRAPPER=/home/rrzhang/.local/gcc-7.3.0/bin/../libexec/gcc/x86_64-pc-linux-gnu/7.3.0/lto-wrapper]
  ignore line: [Target: x86_64-pc-linux-gnu]
  ignore line: [Configured with: ../gcc-7.3.0/configure --prefix=/home/rrzhang/gcc --enable-checking=release --enable-languages=c,c++ --disable-multilib]
  ignore line: [Thread model: posix]
  ignore line: [gcc version 7.3.0 (GCC) ]
  ignore line: [COMPILER_PATH=/home/rrzhang/.local/gcc-7.3.0/bin/../libexec/gcc/x86_64-pc-linux-gnu/7.3.0/:/home/rrzhang/.local/gcc-7.3.0/bin/../libexec/gcc/]
  ignore line: [LIBRARY_PATH=/home/rrzhang/.local/gcc-7.3.0/bin/../lib/gcc/x86_64-pc-linux-gnu/7.3.0/:/home/rrzhang/.local/gcc-7.3.0/bin/../lib/gcc/:/home/rrzhang/.local/gcc-7.3.0/bin/../lib/gcc/x86_64-pc-linux-gnu/7.3.0/../../../../lib64/:/lib/x86_64-linux-gnu/:/lib/../lib64/:/usr/lib/x86_64-linux-gnu/:/home/rrzhang/.local/gcc-7.3.0/bin/../lib/gcc/x86_64-pc-linux-gnu/7.3.0/../../../:/lib/:/usr/lib/]
  ignore line: [COLLECT_GCC_OPTIONS='-v' '-o' 'cmTC_b62f2' '-mtune=generic' '-march=x86-64']
  link line: [ /home/rrzhang/.local/gcc-7.3.0/bin/../libexec/gcc/x86_64-pc-linux-gnu/7.3.0/collect2 -plugin /home/rrzhang/.local/gcc-7.3.0/bin/../libexec/gcc/x86_64-pc-linux-gnu/7.3.0/liblto_plugin.so -plugin-opt=/home/rrzhang/.local/gcc-7.3.0/bin/../libexec/gcc/x86_64-pc-linux-gnu/7.3.0/lto-wrapper -plugin-opt=-fresolution=/tmp/ccCBw94R.res -plugin-opt=-pass-through=-lgcc -plugin-opt=-pass-through=-lgcc_s -plugin-opt=-pass-through=-lc -plugin-opt=-pass-through=-lgcc -plugin-opt=-pass-through=-lgcc_s --eh-frame-hdr -m elf_x86_64 -dynamic-linker /lib64/ld-linux-x86-64.so.2 -o cmTC_b62f2 /usr/lib/x86_64-linux-gnu/crt1.o /usr/lib/x86_64-linux-gnu/crti.o /home/rrzhang/.local/gcc-7.3.0/bin/../lib/gcc/x86_64-pc-linux-gnu/7.3.0/crtbegin.o -L/home/rrzhang/.local/gcc-7.3.0/bin/../lib/gcc/x86_64-pc-linux-gnu/7.3.0 -L/home/rrzhang/.local/gcc-7.3.0/bin/../lib/gcc -L/home/rrzhang/.local/gcc-7.3.0/bin/../lib/gcc/x86_64-pc-linux-gnu/7.3.0/../../../../lib64 -L/lib/x86_64-linux-gnu -L/lib/../lib64 -L/usr/lib/x86_64-linux-gnu -L/home/rrzhang/.local/gcc-7.3.0/bin/../lib/gcc/x86_64-pc-linux-gnu/7.3.0/../../.. CMakeFiles/cmTC_b62f2.dir/CMakeCCompilerABI.c.o -lgcc --as-needed -lgcc_s --no-as-needed -lc -lgcc --as-needed -lgcc_s --no-as-needed /home/rrzhang/.local/gcc-7.3.0/bin/../lib/gcc/x86_64-pc-linux-gnu/7.3.0/crtend.o /usr/lib/x86_64-linux-gnu/crtn.o]
    arg [/home/rrzhang/.local/gcc-7.3.0/bin/../libexec/gcc/x86_64-pc-linux-gnu/7.3.0/collect2] ==> ignore
    arg [-plugin] ==> ignore
    arg [/home/rrzhang/.local/gcc-7.3.0/bin/../libexec/gcc/x86_64-pc-linux-gnu/7.3.0/liblto_plugin.so] ==> ignore
    arg [-plugin-opt=/home/rrzhang/.local/gcc-7.3.0/bin/../libexec/gcc/x86_64-pc-linux-gnu/7.3.0/lto-wrapper] ==> ignore
    arg [-plugin-opt=-fresolution=/tmp/ccCBw94R.res] ==> ignore
    arg [-plugin-opt=-pass-through=-lgcc] ==> ignore
    arg [-plugin-opt=-pass-through=-lgcc_s] ==> ignore
    arg [-plugin-opt=-pass-through=-lc] ==> ignore
    arg [-plugin-opt=-pass-through=-lgcc] ==> ignore
    arg [-plugin-opt=-pass-through=-lgcc_s] ==> ignore
    arg [--eh-frame-hdr] ==> ignore
    arg [-m] ==> ignore
    arg [elf_x86_64] ==> ignore
    arg [-dynamic-linker] ==> ignore
    arg [/lib64/ld-linux-x86-64.so.2] ==> ignore
    arg [-o] ==> ignore
    arg [cmTC_b62f2] ==> ignore
    arg [/usr/lib/x86_64-linux-gnu/crt1.o] ==> ignore
    arg [/usr/lib/x86_64-linux-gnu/crti.o] ==> ignore
    arg [/home/rrzhang/.local/gcc-7.3.0/bin/../lib/gcc/x86_64-pc-linux-gnu/7.3.0/crtbegin.o] ==> ignore
    arg [-L/home/rrzhang/.local/gcc-7.3.0/bin/../lib/gcc/x86_64-pc-linux-gnu/7.3.0] ==> dir [/home/rrzhang/.local/gcc-7.3.0/bin/../lib/gcc/x86_64-pc-linux-gnu/7.3.0]
    arg [-L/home/rrzhang/.local/gcc-7.3.0/bin/../lib/gcc] ==> dir [/home/rrzhang/.local/gcc-7.3.0/bin/../lib/gcc]
    arg [-L/home/rrzhang/.local/gcc-7.3.0/bin/../lib/gcc/x86_64-pc-linux-gnu/7.3.0/../../../../lib64] ==> dir [/home/rrzhang/.local/gcc-7.3.0/bin/../lib/gcc/x86_64-pc-linux-gnu/7.3.0/../../../../lib64]
    arg [-L/lib/x86_64-linux-gnu] ==> dir [/lib/x86_64-linux-gnu]
    arg [-L/lib/../lib64] ==> dir [/lib/../lib64]
    arg [-L/usr/lib/x86_64-linux-gnu] ==> dir [/usr/lib/x86_64-linux-gnu]
    arg [-L/home/rrzhang/.local/gcc-7.3.0/bin/../lib/gcc/x86_64-pc-linux-gnu/7.3.0/../../..] ==> dir [/home/rrzhang/.local/gcc-7.3.0/bin/../lib/gcc/x86_64-pc-linux-gnu/7.3.0/../../..]
    arg [CMakeFiles/cmTC_b62f2.dir/CMakeCCompilerABI.c.o] ==> ignore
    arg [-lgcc] ==> lib [gcc]
    arg [--as-needed] ==> ignore
    arg [-lgcc_s] ==> lib [gcc_s]
    arg [--no-as-needed] ==> ignore
    arg [-lc] ==> lib [c]
    arg [-lgcc] ==> lib [gcc]
    arg [--as-needed] ==> ignore
    arg [-lgcc_s] ==> lib [gcc_s]
    arg [--no-as-needed] ==> ignore
    arg [/home/rrzhang/.local/gcc-7.3.0/bin/../lib/gcc/x86_64-pc-linux-gnu/7.3.0/crtend.o] ==> ignore
    arg [/usr/lib/x86_64-linux-gnu/crtn.o] ==> ignore
  collapse library dir [/home/rrzhang/.local/gcc-7.3.0/bin/../lib/gcc/x86_64-pc-linux-gnu/7.3.0] ==> [/home/rrzhang/.local/gcc-7.3.0/lib/gcc/x86_64-pc-linux-gnu/7.3.0]
  collapse library dir [/home/rrzhang/.local/gcc-7.3.0/bin/../lib/gcc] ==> [/home/rrzhang/.local/gcc-7.3.0/lib/gcc]
  collapse library dir [/home/rrzhang/.local/gcc-7.3.0/bin/../lib/gcc/x86_64-pc-linux-gnu/7.3.0/../../../../lib64] ==> [/home/rrzhang/.local/gcc-7.3.0/lib64]
  collapse library dir [/lib/x86_64-linux-gnu] ==> [/lib/x86_64-linux-gnu]
  collapse library dir [/lib/../lib64] ==> [/lib64]
  collapse library dir [/usr/lib/x86_64-linux-gnu] ==> [/usr/lib/x86_64-linux-gnu]
  collapse library dir [/home/rrzhang/.local/gcc-7.3.0/bin/../lib/gcc/x86_64-pc-linux-gnu/7.3.0/../../..] ==> [/home/rrzhang/.local/gcc-7.3.0/lib]
  implicit libs: [gcc;gcc_s;c;gcc;gcc_s]
  implicit dirs: [/home/rrzhang/.local/gcc-7.3.0/lib/gcc/x86_64-pc-linux-gnu/7.3.0;/home/rrzhang/.local/gcc-7.3.0/lib/gcc;/home/rrzhang/.local/gcc-7.3.0/lib64;/lib/x86_64-linux-gnu;/lib64;/usr/lib/x86_64-linux-gnu;/home/rrzhang/.local/gcc-7.3.0/lib]
  implicit fwks: []




Detecting C [-std=c11] compiler features compiled with the following output:
Change Dir: /home/rrzhang/WorkSpace/Jetbrains/CLionProjects/test_leveldb/cmake-build-debug/CMakeFiles/CMakeTmp

Run Build Command(s):/home/rrzhang/.local/make-4.2.1/bin/make cmTC_fd641/fast 
/home/rrzhang/.local/make-4.2.1/bin/make -f CMakeFiles/cmTC_fd641.dir/build.make CMakeFiles/cmTC_fd641.dir/build
make[1]: Entering directory '/home/rrzhang/WorkSpace/Jetbrains/CLionProjects/test_leveldb/cmake-build-debug/CMakeFiles/CMakeTmp'
Building C object CMakeFiles/cmTC_fd641.dir/feature_tests.c.o
/home/rrzhang/.local/gcc-7.3.0/bin/gcc   -std=c11 -o CMakeFiles/cmTC_fd641.dir/feature_tests.c.o   -c /home/rrzhang/WorkSpace/Jetbrains/CLionProjects/test_leveldb/cmake-build-debug/CMakeFiles/feature_tests.c
Linking C executable cmTC_fd641
/home/rrzhang/.local/cmake-3.14.0/bin/cmake -E cmake_link_script CMakeFiles/cmTC_fd641.dir/link.txt --verbose=1
/home/rrzhang/.local/gcc-7.3.0/bin/gcc      CMakeFiles/cmTC_fd641.dir/feature_tests.c.o  -o cmTC_fd641 
make[1]: Leaving directory '/home/rrzhang/WorkSpace/Jetbrains/CLionProjects/test_leveldb/cmake-build-debug/CMakeFiles/CMakeTmp'


    Feature record: C_FEATURE:1c_function_prototypes
    Feature record: C_FEATURE:1c_restrict
    Feature record: C_FEATURE:1c_static_assert
    Feature record: C_FEATURE:1c_variadic_macros


Detecting C [-std=c99] compiler features compiled with the following output:
Change Dir: /home/rrzhang/WorkSpace/Jetbrains/CLionProjects/test_leveldb/cmake-build-debug/CMakeFiles/CMakeTmp

Run Build Command(s):/home/rrzhang/.local/make-4.2.1/bin/make cmTC_e12ac/fast 
/home/rrzhang/.local/make-4.2.1/bin/make -f CMakeFiles/cmTC_e12ac.dir/build.make CMakeFiles/cmTC_e12ac.dir/build
make[1]: Entering directory '/home/rrzhang/WorkSpace/Jetbrains/CLionProjects/test_leveldb/cmake-build-debug/CMakeFiles/CMakeTmp'
Building C object CMakeFiles/cmTC_e12ac.dir/feature_tests.c.o
/home/rrzhang/.local/gcc-7.3.0/bin/gcc   -std=c99 -o CMakeFiles/cmTC_e12ac.dir/feature_tests.c.o   -c /home/rrzhang/WorkSpace/Jetbrains/CLionProjects/test_leveldb/cmake-build-debug/CMakeFiles/feature_tests.c
Linking C executable cmTC_e12ac
/home/rrzhang/.local/cmake-3.14.0/bin/cmake -E cmake_link_script CMakeFiles/cmTC_e12ac.dir/link.txt --verbose=1
/home/rrzhang/.local/gcc-7.3.0/bin/gcc      CMakeFiles/cmTC_e12ac.dir/feature_tests.c.o  -o cmTC_e12ac 
make[1]: Leaving directory '/home/rrzhang/WorkSpace/Jetbrains/CLionProjects/test_leveldb/cmake-build-debug/CMakeFiles/CMakeTmp'


    Feature record: C_FEATURE:1c_function_prototypes
    Feature record: C_FEATURE:1c_restrict
    Feature record: C_FEATURE:0c_static_assert
    Feature record: C_FEATURE:1c_variadic_macros


Detecting C [-std=c90] compiler features compiled with the following output:
Change Dir: /home/rrzhang/WorkSpace/Jetbrains/CLionProjects/test_leveldb/cmake-build-debug/CMakeFiles/CMakeTmp

Run Build Command(s):/home/rrzhang/.local/make-4.2.1/bin/make cmTC_e974f/fast 
/home/rrzhang/.local/make-4.2.1/bin/make -f CMakeFiles/cmTC_e974f.dir/build.make CMakeFiles/cmTC_e974f.dir/build
make[1]: Entering directory '/home/rrzhang/WorkSpace/Jetbrains/CLionProjects/test_leveldb/cmake-build-debug/CMakeFiles/CMakeTmp'
Building C object CMakeFiles/cmTC_e974f.dir/feature_tests.c.o
/home/rrzhang/.local/gcc-7.3.0/bin/gcc   -std=c90 -o CMakeFiles/cmTC_e974f.dir/feature_tests.c.o   -c /home/rrzhang/WorkSpace/Jetbrains/CLionProjects/test_leveldb/cmake-build-debug/CMakeFiles/feature_tests.c
Linking C executable cmTC_e974f
/home/rrzhang/.local/cmake-3.14.0/bin/cmake -E cmake_link_script CMakeFiles/cmTC_e974f.dir/link.txt --verbose=1
/home/rrzhang/.local/gcc-7.3.0/bin/gcc      CMakeFiles/cmTC_e974f.dir/feature_tests.c.o  -o cmTC_e974f 
make[1]: Leaving directory '/home/rrzhang/WorkSpace/Jetbrains/CLionProjects/test_leveldb/cmake-build-debug/CMakeFiles/CMakeTmp'


    Feature record: C_FEATURE:1c_function_prototypes
    Feature record: C_FEATURE:0c_restrict
    Feature record: C_FEATURE:0c_static_assert
    Feature record: C_FEATURE:0c_variadic_macros
Determining if the CXX compiler works passed with the following output:
Change Dir: /home/rrzhang/WorkSpace/Jetbrains/CLionProjects/test_leveldb/cmake-build-debug/CMakeFiles/CMakeTmp

Run Build Command(s):/home/rrzhang/.local/make-4.2.1/bin/make cmTC_c6529/fast 
/home/rrzhang/.local/make-4.2.1/bin/make -f CMakeFiles/cmTC_c6529.dir/build.make CMakeFiles/cmTC_c6529.dir/build
make[1]: Entering directory '/home/rrzhang/WorkSpace/Jetbrains/CLionProjects/test_leveldb/cmake-build-debug/CMakeFiles/CMakeTmp'
Building CXX object CMakeFiles/cmTC_c6529.dir/testCXXCompiler.cxx.o
/home/rrzhang/.local/gcc-7.3.0/bin/g++     -o CMakeFiles/cmTC_c6529.dir/testCXXCompiler.cxx.o -c /home/rrzhang/WorkSpace/Jetbrains/CLionProjects/test_leveldb/cmake-build-debug/CMakeFiles/CMakeTmp/testCXXCompiler.cxx
Linking CXX executable cmTC_c6529
/home/rrzhang/.local/cmake-3.14.0/bin/cmake -E cmake_link_script CMakeFiles/cmTC_c6529.dir/link.txt --verbose=1
/home/rrzhang/.local/gcc-7.3.0/bin/g++       CMakeFiles/cmTC_c6529.dir/testCXXCompiler.cxx.o  -o cmTC_c6529 
make[1]: Leaving directory '/home/rrzhang/WorkSpace/Jetbrains/CLionProjects/test_leveldb/cmake-build-debug/CMakeFiles/CMakeTmp'


Detecting CXX compiler ABI info compiled with the following output:
Change Dir: /home/rrzhang/WorkSpace/Jetbrains/CLionProjects/test_leveldb/cmake-build-debug/CMakeFiles/CMakeTmp

Run Build Command(s):/home/rrzhang/.local/make-4.2.1/bin/make cmTC_32949/fast 
/home/rrzhang/.local/make-4.2.1/bin/make -f CMakeFiles/cmTC_32949.dir/build.make CMakeFiles/cmTC_32949.dir/build
make[1]: Entering directory '/home/rrzhang/WorkSpace/Jetbrains/CLionProjects/test_leveldb/cmake-build-debug/CMakeFiles/CMakeTmp'
Building CXX object CMakeFiles/cmTC_32949.dir/CMakeCXXCompilerABI.cpp.o
/home/rrzhang/.local/gcc-7.3.0/bin/g++    -v -o CMakeFiles/cmTC_32949.dir/CMakeCXXCompilerABI.cpp.o -c /home/rrzhang/.local/cmake-3.14.0/share/cmake-3.14/Modules/CMakeCXXCompilerABI.cpp
Using built-in specs.
COLLECT_GCC=/home/rrzhang/.local/gcc-7.3.0/bin/g++
Target: x86_64-pc-linux-gnu
Configured with: ../gcc-7.3.0/configure --prefix=/home/rrzhang/gcc --enable-checking=release --enable-languages=c,c++ --disable-multilib
Thread model: posix
gcc version 7.3.0 (GCC) 
COLLECT_GCC_OPTIONS='-v' '-o' 'CMakeFiles/cmTC_32949.dir/CMakeCXXCompilerABI.cpp.o' '-c' '-shared-libgcc' '-mtune=generic' '-march=x86-64'
 /home/rrzhang/.local/gcc-7.3.0/bin/../libexec/gcc/x86_64-pc-linux-gnu/7.3.0/cc1plus -quiet -v -imultiarch x86_64-linux-gnu -iprefix /home/rrzhang/.local/gcc-7.3.0/bin/../lib/gcc/x86_64-pc-linux-gnu/7.3.0/ -D_GNU_SOURCE /home/rrzhang/.local/cmake-3.14.0/share/cmake-3.14/Modules/CMakeCXXCompilerABI.cpp -quiet -dumpbase CMakeCXXCompilerABI.cpp -mtune=generic -march=x86-64 -auxbase-strip CMakeFiles/cmTC_32949.dir/CMakeCXXCompilerABI.cpp.o -version -o /tmp/cc88z8T1.s
GNU C++14 (GCC) version 7.3.0 (x86_64-pc-linux-gnu)
	compiled by GNU C version 7.3.0, GMP version 6.1.0, MPFR version 3.1.4, MPC version 1.0.3, isl version isl-0.16.1-GMP

GGC heuristics: --param ggc-min-expand=100 --param ggc-min-heapsize=131072
ignoring nonexistent directory "/home/rrzhang/.local/gcc-7.3.0/bin/../lib/gcc/x86_64-pc-linux-gnu/7.3.0/../../../../x86_64-pc-linux-gnu/include"
ignoring duplicate directory "/home/rrzhang/.local/gcc-7.3.0/bin/../lib/gcc/../../lib/gcc/x86_64-pc-linux-gnu/7.3.0/../../../../include/c++/7.3.0"
ignoring duplicate directory "/home/rrzhang/.local/gcc-7.3.0/bin/../lib/gcc/../../lib/gcc/x86_64-pc-linux-gnu/7.3.0/../../../../include/c++/7.3.0/x86_64-pc-linux-gnu"
ignoring duplicate directory "/home/rrzhang/.local/gcc-7.3.0/bin/../lib/gcc/../../lib/gcc/x86_64-pc-linux-gnu/7.3.0/../../../../include/c++/7.3.0/backward"
ignoring duplicate directory "/home/rrzhang/.local/gcc-7.3.0/bin/../lib/gcc/../../lib/gcc/x86_64-pc-linux-gnu/7.3.0/include"
ignoring nonexistent directory "/usr/local/include/x86_64-linux-gnu"
ignoring duplicate directory "/home/rrzhang/.local/gcc-7.3.0/bin/../lib/gcc/../../lib/gcc/x86_64-pc-linux-gnu/7.3.0/include-fixed"
ignoring nonexistent directory "/home/rrzhang/.local/gcc-7.3.0/bin/../lib/gcc/../../lib/gcc/x86_64-pc-linux-gnu/7.3.0/../../../../x86_64-pc-linux-gnu/include"
#include "..." search starts here:
#include <...> search starts here:
 /home/rrzhang/.local/gcc-7.3.0/bin/../lib/gcc/x86_64-pc-linux-gnu/7.3.0/../../../../include/c++/7.3.0
 /home/rrzhang/.local/gcc-7.3.0/bin/../lib/gcc/x86_64-pc-linux-gnu/7.3.0/../../../../include/c++/7.3.0/x86_64-pc-linux-gnu
 /home/rrzhang/.local/gcc-7.3.0/bin/../lib/gcc/x86_64-pc-linux-gnu/7.3.0/../../../../include/c++/7.3.0/backward
 /home/rrzhang/.local/gcc-7.3.0/bin/../lib/gcc/x86_64-pc-linux-gnu/7.3.0/include
 /home/rrzhang/.local/gcc-7.3.0/bin/../lib/gcc/x86_64-pc-linux-gnu/7.3.0/include-fixed
 /usr/local/include
 /home/rrzhang/.local/gcc-7.3.0/bin/../lib/gcc/../../include
 /usr/include/x86_64-linux-gnu
 /usr/include
End of search list.
GNU C++14 (GCC) version 7.3.0 (x86_64-pc-linux-gnu)
	compiled by GNU C version 7.3.0, GMP version 6.1.0, MPFR version 3.1.4, MPC version 1.0.3, isl version isl-0.16.1-GMP

GGC heuristics: --param ggc-min-expand=100 --param ggc-min-heapsize=131072
Compiler executable checksum: ae0c14588436ec58a09fd1bc6b22373e
COLLECT_GCC_OPTIONS='-v' '-o' 'CMakeFiles/cmTC_32949.dir/CMakeCXXCompilerABI.cpp.o' '-c' '-shared-libgcc' '-mtune=generic' '-march=x86-64'
 as -v --64 -o CMakeFiles/cmTC_32949.dir/CMakeCXXCompilerABI.cpp.o /tmp/cc88z8T1.s
GNU assembler version 2.30 (x86_64-linux-gnu) using BFD version (GNU Binutils for Debian) 2.30
COMPILER_PATH=/home/rrzhang/.local/gcc-7.3.0/bin/../libexec/gcc/x86_64-pc-linux-gnu/7.3.0/:/home/rrzhang/.local/gcc-7.3.0/bin/../libexec/gcc/
LIBRARY_PATH=/home/rrzhang/.local/gcc-7.3.0/bin/../lib/gcc/x86_64-pc-linux-gnu/7.3.0/:/home/rrzhang/.local/gcc-7.3.0/bin/../lib/gcc/:/home/rrzhang/.local/gcc-7.3.0/bin/../lib/gcc/x86_64-pc-linux-gnu/7.3.0/../../../../lib64/:/lib/x86_64-linux-gnu/:/lib/../lib64/:/usr/lib/x86_64-linux-gnu/:/home/rrzhang/.local/gcc-7.3.0/bin/../lib/gcc/x86_64-pc-linux-gnu/7.3.0/../../../:/lib/:/usr/lib/
COLLECT_GCC_OPTIONS='-v' '-o' 'CMakeFiles/cmTC_32949.dir/CMakeCXXCompilerABI.cpp.o' '-c' '-shared-libgcc' '-mtune=generic' '-march=x86-64'
Linking CXX executable cmTC_32949
/home/rrzhang/.local/cmake-3.14.0/bin/cmake -E cmake_link_script CMakeFiles/cmTC_32949.dir/link.txt --verbose=1
/home/rrzhang/.local/gcc-7.3.0/bin/g++      -v CMakeFiles/cmTC_32949.dir/CMakeCXXCompilerABI.cpp.o  -o cmTC_32949 
Using built-in specs.
COLLECT_GCC=/home/rrzhang/.local/gcc-7.3.0/bin/g++
COLLECT_LTO_WRAPPER=/home/rrzhang/.local/gcc-7.3.0/bin/../libexec/gcc/x86_64-pc-linux-gnu/7.3.0/lto-wrapper
Target: x86_64-pc-linux-gnu
Configured with: ../gcc-7.3.0/configure --prefix=/home/rrzhang/gcc --enable-checking=release --enable-languages=c,c++ --disable-multilib
Thread model: posix
gcc version 7.3.0 (GCC) 
COMPILER_PATH=/home/rrzhang/.local/gcc-7.3.0/bin/../libexec/gcc/x86_64-pc-linux-gnu/7.3.0/:/home/rrzhang/.local/gcc-7.3.0/bin/../libexec/gcc/
LIBRARY_PATH=/home/rrzhang/.local/gcc-7.3.0/bin/../lib/gcc/x86_64-pc-linux-gnu/7.3.0/:/home/rrzhang/.local/gcc-7.3.0/bin/../lib/gcc/:/home/rrzhang/.local/gcc-7.3.0/bin/../lib/gcc/x86_64-pc-linux-gnu/7.3.0/../../../../lib64/:/lib/x86_64-linux-gnu/:/lib/../lib64/:/usr/lib/x86_64-linux-gnu/:/home/rrzhang/.local/gcc-7.3.0/bin/../lib/gcc/x86_64-pc-linux-gnu/7.3.0/../../../:/lib/:/usr/lib/
COLLECT_GCC_OPTIONS='-v' '-o' 'cmTC_32949' '-shared-libgcc' '-mtune=generic' '-march=x86-64'
 /home/rrzhang/.local/gcc-7.3.0/bin/../libexec/gcc/x86_64-pc-linux-gnu/7.3.0/collect2 -plugin /home/rrzhang/.local/gcc-7.3.0/bin/../libexec/gcc/x86_64-pc-linux-gnu/7.3.0/liblto_plugin.so -plugin-opt=/home/rrzhang/.local/gcc-7.3.0/bin/../libexec/gcc/x86_64-pc-linux-gnu/7.3.0/lto-wrapper -plugin-opt=-fresolution=/tmp/ccyXk5p5.res -plugin-opt=-pass-through=-lgcc_s -plugin-opt=-pass-through=-lgcc -plugin-opt=-pass-through=-lc -plugin-opt=-pass-through=-lgcc_s -plugin-opt=-pass-through=-lgcc --eh-frame-hdr -m elf_x86_64 -dynamic-linker /lib64/ld-linux-x86-64.so.2 -o cmTC_32949 /usr/lib/x86_64-linux-gnu/crt1.o /usr/lib/x86_64-linux-gnu/crti.o /home/rrzhang/.local/gcc-7.3.0/bin/../lib/gcc/x86_64-pc-linux-gnu/7.3.0/crtbegin.o -L/home/rrzhang/.local/gcc-7.3.0/bin/../lib/gcc/x86_64-pc-linux-gnu/7.3.0 -L/home/rrzhang/.local/gcc-7.3.0/bin/../lib/gcc -L/home/rrzhang/.local/gcc-7.3.0/bin/../lib/gcc/x86_64-pc-linux-gnu/7.3.0/../../../../lib64 -L/lib/x86_64-linux-gnu -L/lib/../lib64 -L/usr/lib/x86_64-linux-gnu -L/home/rrzhang/.local/gcc-7.3.0/bin/../lib/gcc/x86_64-pc-linux-gnu/7.3.0/../../.. CMakeFiles/cmTC_32949.dir/CMakeCXXCompilerABI.cpp.o -lstdc++ -lm -lgcc_s -lgcc -lc -lgcc_s -lgcc /home/rrzhang/.local/gcc-7.3.0/bin/../lib/gcc/x86_64-pc-linux-gnu/7.3.0/crtend.o /usr/lib/x86_64-linux-gnu/crtn.o
COLLECT_GCC_OPTIONS='-v' '-o' 'cmTC_32949' '-shared-libgcc' '-mtune=generic' '-march=x86-64'
make[1]: Leaving directory '/home/rrzhang/WorkSpace/Jetbrains/CLionProjects/test_leveldb/cmake-build-debug/CMakeFiles/CMakeTmp'


Parsed CXX implicit include dir info from above output: rv=done
  found start of include info
  found start of implicit include info
    add: [/home/rrzhang/.local/gcc-7.3.0/bin/../lib/gcc/x86_64-pc-linux-gnu/7.3.0/../../../../include/c++/7.3.0]
    add: [/home/rrzhang/.local/gcc-7.3.0/bin/../lib/gcc/x86_64-pc-linux-gnu/7.3.0/../../../../include/c++/7.3.0/x86_64-pc-linux-gnu]
    add: [/home/rrzhang/.local/gcc-7.3.0/bin/../lib/gcc/x86_64-pc-linux-gnu/7.3.0/../../../../include/c++/7.3.0/backward]
    add: [/home/rrzhang/.local/gcc-7.3.0/bin/../lib/gcc/x86_64-pc-linux-gnu/7.3.0/include]
    add: [/home/rrzhang/.local/gcc-7.3.0/bin/../lib/gcc/x86_64-pc-linux-gnu/7.3.0/include-fixed]
    add: [/usr/local/include]
    add: [/home/rrzhang/.local/gcc-7.3.0/bin/../lib/gcc/../../include]
    add: [/usr/include/x86_64-linux-gnu]
    add: [/usr/include]
  end of search list found
  implicit include dirs: [/home/rrzhang/.local/gcc-7.3.0/bin/../lib/gcc/x86_64-pc-linux-gnu/7.3.0/../../../../include/c++/7.3.0;/home/rrzhang/.local/gcc-7.3.0/bin/../lib/gcc/x86_64-pc-linux-gnu/7.3.0/../../../../include/c++/7.3.0/x86_64-pc-linux-gnu;/home/rrzhang/.local/gcc-7.3.0/bin/../lib/gcc/x86_64-pc-linux-gnu/7.3.0/../../../../include/c++/7.3.0/backward;/home/rrzhang/.local/gcc-7.3.0/bin/../lib/gcc/x86_64-pc-linux-gnu/7.3.0/include;/home/rrzhang/.local/gcc-7.3.0/bin/../lib/gcc/x86_64-pc-linux-gnu/7.3.0/include-fixed;/usr/local/include;/home/rrzhang/.local/gcc-7.3.0/bin/../lib/gcc/../../include;/usr/include/x86_64-linux-gnu;/usr/include]


Parsed CXX implicit link information from above output:
  link line regex: [^( *|.*[/\])(ld|CMAKE_LINK_STARTFILE-NOTFOUND|([^/\]+-)?ld|collect2)[^/\]*( |$)]
  ignore line: [Change Dir: /home/rrzhang/WorkSpace/Jetbrains/CLionProjects/test_leveldb/cmake-build-debug/CMakeFiles/CMakeTmp]
  ignore line: []
  ignore line: [Run Build Command(s):/home/rrzhang/.local/make-4.2.1/bin/make cmTC_32949/fast ]
  ignore line: [/home/rrzhang/.local/make-4.2.1/bin/make -f CMakeFiles/cmTC_32949.dir/build.make CMakeFiles/cmTC_32949.dir/build]
  ignore line: [make[1]: Entering directory '/home/rrzhang/WorkSpace/Jetbrains/CLionProjects/test_leveldb/cmake-build-debug/CMakeFiles/CMakeTmp']
  ignore line: [Building CXX object CMakeFiles/cmTC_32949.dir/CMakeCXXCompilerABI.cpp.o]
  ignore line: [/home/rrzhang/.local/gcc-7.3.0/bin/g++    -v -o CMakeFiles/cmTC_32949.dir/CMakeCXXCompilerABI.cpp.o -c /home/rrzhang/.local/cmake-3.14.0/share/cmake-3.14/Modules/CMakeCXXCompilerABI.cpp]
  ignore line: [Using built-in specs.]
  ignore line: [COLLECT_GCC=/home/rrzhang/.local/gcc-7.3.0/bin/g++]
  ignore line: [Target: x86_64-pc-linux-gnu]
  ignore line: [Configured with: ../gcc-7.3.0/configure --prefix=/home/rrzhang/gcc --enable-checking=release --enable-languages=c,c++ --disable-multilib]
  ignore line: [Thread model: posix]
  ignore line: [gcc version 7.3.0 (GCC) ]
  ignore line: [COLLECT_GCC_OPTIONS='-v' '-o' 'CMakeFiles/cmTC_32949.dir/CMakeCXXCompilerABI.cpp.o' '-c' '-shared-libgcc' '-mtune=generic' '-march=x86-64']
  ignore line: [ /home/rrzhang/.local/gcc-7.3.0/bin/../libexec/gcc/x86_64-pc-linux-gnu/7.3.0/cc1plus -quiet -v -imultiarch x86_64-linux-gnu -iprefix /home/rrzhang/.local/gcc-7.3.0/bin/../lib/gcc/x86_64-pc-linux-gnu/7.3.0/ -D_GNU_SOURCE /home/rrzhang/.local/cmake-3.14.0/share/cmake-3.14/Modules/CMakeCXXCompilerABI.cpp -quiet -dumpbase CMakeCXXCompilerABI.cpp -mtune=generic -march=x86-64 -auxbase-strip CMakeFiles/cmTC_32949.dir/CMakeCXXCompilerABI.cpp.o -version -o /tmp/cc88z8T1.s]
  ignore line: [GNU C++14 (GCC) version 7.3.0 (x86_64-pc-linux-gnu)]
  ignore line: [	compiled by GNU C version 7.3.0, GMP version 6.1.0, MPFR version 3.1.4, MPC version 1.0.3, isl version isl-0.16.1-GMP]
  ignore line: []
  ignore line: [GGC heuristics: --param ggc-min-expand=100 --param ggc-min-heapsize=131072]
  ignore line: [ignoring nonexistent directory "/home/rrzhang/.local/gcc-7.3.0/bin/../lib/gcc/x86_64-pc-linux-gnu/7.3.0/../../../../x86_64-pc-linux-gnu/include"]
  ignore line: [ignoring duplicate directory "/home/rrzhang/.local/gcc-7.3.0/bin/../lib/gcc/../../lib/gcc/x86_64-pc-linux-gnu/7.3.0/../../../../include/c++/7.3.0"]
  ignore line: [ignoring duplicate directory "/home/rrzhang/.local/gcc-7.3.0/bin/../lib/gcc/../../lib/gcc/x86_64-pc-linux-gnu/7.3.0/../../../../include/c++/7.3.0/x86_64-pc-linux-gnu"]
  ignore line: [ignoring duplicate directory "/home/rrzhang/.local/gcc-7.3.0/bin/../lib/gcc/../../lib/gcc/x86_64-pc-linux-gnu/7.3.0/../../../../include/c++/7.3.0/backward"]
  ignore line: [ignoring duplicate directory "/home/rrzhang/.local/gcc-7.3.0/bin/../lib/gcc/../../lib/gcc/x86_64-pc-linux-gnu/7.3.0/include"]
  ignore line: [ignoring nonexistent directory "/usr/local/include/x86_64-linux-gnu"]
  ignore line: [ignoring duplicate directory "/home/rrzhang/.local/gcc-7.3.0/bin/../lib/gcc/../../lib/gcc/x86_64-pc-linux-gnu/7.3.0/include-fixed"]
  ignore line: [ignoring nonexistent directory "/home/rrzhang/.local/gcc-7.3.0/bin/../lib/gcc/../../lib/gcc/x86_64-pc-linux-gnu/7.3.0/../../../../x86_64-pc-linux-gnu/include"]
  ignore line: [#include "..." search starts here:]
  ignore line: [#include <...> search starts here:]
  ignore line: [ /home/rrzhang/.local/gcc-7.3.0/bin/../lib/gcc/x86_64-pc-linux-gnu/7.3.0/../../../../include/c++/7.3.0]
  ignore line: [ /home/rrzhang/.local/gcc-7.3.0/bin/../lib/gcc/x86_64-pc-linux-gnu/7.3.0/../../../../include/c++/7.3.0/x86_64-pc-linux-gnu]
  ignore line: [ /home/rrzhang/.local/gcc-7.3.0/bin/../lib/gcc/x86_64-pc-linux-gnu/7.3.0/../../../../include/c++/7.3.0/backward]
  ignore line: [ /home/rrzhang/.local/gcc-7.3.0/bin/../lib/gcc/x86_64-pc-linux-gnu/7.3.0/include]
  ignore line: [ /home/rrzhang/.local/gcc-7.3.0/bin/../lib/gcc/x86_64-pc-linux-gnu/7.3.0/include-fixed]
  ignore line: [ /usr/local/include]
  ignore line: [ /home/rrzhang/.local/gcc-7.3.0/bin/../lib/gcc/../../include]
  ignore line: [ /usr/include/x86_64-linux-gnu]
  ignore line: [ /usr/include]
  ignore line: [End of search list.]
  ignore line: [GNU C++14 (GCC) version 7.3.0 (x86_64-pc-linux-gnu)]
  ignore line: [	compiled by GNU C version 7.3.0, GMP version 6.1.0, MPFR version 3.1.4, MPC version 1.0.3, isl version isl-0.16.1-GMP]
  ignore line: []
  ignore line: [GGC heuristics: --param ggc-min-expand=100 --param ggc-min-heapsize=131072]
  ignore line: [Compiler executable checksum: ae0c14588436ec58a09fd1bc6b22373e]
  ignore line: [COLLECT_GCC_OPTIONS='-v' '-o' 'CMakeFiles/cmTC_32949.dir/CMakeCXXCompilerABI.cpp.o' '-c' '-shared-libgcc' '-mtune=generic' '-march=x86-64']
  ignore line: [ as -v --64 -o CMakeFiles/cmTC_32949.dir/CMakeCXXCompilerABI.cpp.o /tmp/cc88z8T1.s]
  ignore line: [GNU assembler version 2.30 (x86_64-linux-gnu) using BFD version (GNU Binutils for Debian) 2.30]
  ignore line: [COMPILER_PATH=/home/rrzhang/.local/gcc-7.3.0/bin/../libexec/gcc/x86_64-pc-linux-gnu/7.3.0/:/home/rrzhang/.local/gcc-7.3.0/bin/../libexec/gcc/]
  ignore line: [LIBRARY_PATH=/home/rrzhang/.local/gcc-7.3.0/bin/../lib/gcc/x86_64-pc-linux-gnu/7.3.0/:/home/rrzhang/.local/gcc-7.3.0/bin/../lib/gcc/:/home/rrzhang/.local/gcc-7.3.0/bin/../lib/gcc/x86_64-pc-linux-gnu/7.3.0/../../../../lib64/:/lib/x86_64-linux-gnu/:/lib/../lib64/:/usr/lib/x86_64-linux-gnu/:/home/rrzhang/.local/gcc-7.3.0/bin/../lib/gcc/x86_64-pc-linux-gnu/7.3.0/../../../:/lib/:/usr/lib/]
  ignore line: [COLLECT_GCC_OPTIONS='-v' '-o' 'CMakeFiles/cmTC_32949.dir/CMakeCXXCompilerABI.cpp.o' '-c' '-shared-libgcc' '-mtune=generic' '-march=x86-64']
  ignore line: [Linking CXX executable cmTC_32949]
  ignore line: [/home/rrzhang/.local/cmake-3.14.0/bin/cmake -E cmake_link_script CMakeFiles/cmTC_32949.dir/link.txt --verbose=1]
  ignore line: [/home/rrzhang/.local/gcc-7.3.0/bin/g++      -v CMakeFiles/cmTC_32949.dir/CMakeCXXCompilerABI.cpp.o  -o cmTC_32949 ]
  ignore line: [Using built-in specs.]
  ignore line: [COLLECT_GCC=/home/rrzhang/.local/gcc-7.3.0/bin/g++]
  ignore line: [COLLECT_LTO_WRAPPER=/home/rrzhang/.local/gcc-7.3.0/bin/../libexec/gcc/x86_64-pc-linux-gnu/7.3.0/lto-wrapper]
  ignore line: [Target: x86_64-pc-linux-gnu]
  ignore line: [Configured with: ../gcc-7.3.0/configure --prefix=/home/rrzhang/gcc --enable-checking=release --enable-languages=c,c++ --disable-multilib]
  ignore line: [Thread model: posix]
  ignore line: [gcc version 7.3.0 (GCC) ]
  ignore line: [COMPILER_PATH=/home/rrzhang/.local/gcc-7.3.0/bin/../libexec/gcc/x86_64-pc-linux-gnu/7.3.0/:/home/rrzhang/.local/gcc-7.3.0/bin/../libexec/gcc/]
  ignore line: [LIBRARY_PATH=/home/rrzhang/.local/gcc-7.3.0/bin/../lib/gcc/x86_64-pc-linux-gnu/7.3.0/:/home/rrzhang/.local/gcc-7.3.0/bin/../lib/gcc/:/home/rrzhang/.local/gcc-7.3.0/bin/../lib/gcc/x86_64-pc-linux-gnu/7.3.0/../../../../lib64/:/lib/x86_64-linux-gnu/:/lib/../lib64/:/usr/lib/x86_64-linux-gnu/:/home/rrzhang/.local/gcc-7.3.0/bin/../lib/gcc/x86_64-pc-linux-gnu/7.3.0/../../../:/lib/:/usr/lib/]
  ignore line: [COLLECT_GCC_OPTIONS='-v' '-o' 'cmTC_32949' '-shared-libgcc' '-mtune=generic' '-march=x86-64']
  link line: [ /home/rrzhang/.local/gcc-7.3.0/bin/../libexec/gcc/x86_64-pc-linux-gnu/7.3.0/collect2 -plugin /home/rrzhang/.local/gcc-7.3.0/bin/../libexec/gcc/x86_64-pc-linux-gnu/7.3.0/liblto_plugin.so -plugin-opt=/home/rrzhang/.local/gcc-7.3.0/bin/../libexec/gcc/x86_64-pc-linux-gnu/7.3.0/lto-wrapper -plugin-opt=-fresolution=/tmp/ccyXk5p5.res -plugin-opt=-pass-through=-lgcc_s -plugin-opt=-pass-through=-lgcc -plugin-opt=-pass-through=-lc -plugin-opt=-pass-through=-lgcc_s -plugin-opt=-pass-through=-lgcc --eh-frame-hdr -m elf_x86_64 -dynamic-linker /lib64/ld-linux-x86-64.so.2 -o cmTC_32949 /usr/lib/x86_64-linux-gnu/crt1.o /usr/lib/x86_64-linux-gnu/crti.o /home/rrzhang/.local/gcc-7.3.0/bin/../lib/gcc/x86_64-pc-linux-gnu/7.3.0/crtbegin.o -L/home/rrzhang/.local/gcc-7.3.0/bin/../lib/gcc/x86_64-pc-linux-gnu/7.3.0 -L/home/rrzhang/.local/gcc-7.3.0/bin/../lib/gcc -L/home/rrzhang/.local/gcc-7.3.0/bin/../lib/gcc/x86_64-pc-linux-gnu/7.3.0/../../../../lib64 -L/lib/x86_64-linux-gnu -L/lib/../lib64 -L/usr/lib/x86_64-linux-gnu -L/home/rrzhang/.local/gcc-7.3.0/bin/../lib/gcc/x86_64-pc-linux-gnu/7.3.0/../../.. CMakeFiles/cmTC_32949.dir/CMakeCXXCompilerABI.cpp.o -lstdc++ -lm -lgcc_s -lgcc -lc -lgcc_s -lgcc /home/rrzhang/.local/gcc-7.3.0/bin/../lib/gcc/x86_64-pc-linux-gnu/7.3.0/crtend.o /usr/lib/x86_64-linux-gnu/crtn.o]
    arg [/home/rrzhang/.local/gcc-7.3.0/bin/../libexec/gcc/x86_64-pc-linux-gnu/7.3.0/collect2] ==> ignore
    arg [-plugin] ==> ignore
    arg [/home/rrzhang/.local/gcc-7.3.0/bin/../libexec/gcc/x86_64-pc-linux-gnu/7.3.0/liblto_plugin.so] ==> ignore
    arg [-plugin-opt=/home/rrzhang/.local/gcc-7.3.0/bin/../libexec/gcc/x86_64-pc-linux-gnu/7.3.0/lto-wrapper] ==> ignore
    arg [-plugin-opt=-fresolution=/tmp/ccyXk5p5.res] ==> ignore
    arg [-plugin-opt=-pass-through=-lgcc_s] ==> ignore
    arg [-plugin-opt=-pass-through=-lgcc] ==> ignore
    arg [-plugin-opt=-pass-through=-lc] ==> ignore
    arg [-plugin-opt=-pass-through=-lgcc_s] ==> ignore
    arg [-plugin-opt=-pass-through=-lgcc] ==> ignore
    arg [--eh-frame-hdr] ==> ignore
    arg [-m] ==> ignore
    arg [elf_x86_64] ==> ignore
    arg [-dynamic-linker] ==> ignore
    arg [/lib64/ld-linux-x86-64.so.2] ==> ignore
    arg [-o] ==> ignore
    arg [cmTC_32949] ==> ignore
    arg [/usr/lib/x86_64-linux-gnu/crt1.o] ==> ignore
    arg [/usr/lib/x86_64-linux-gnu/crti.o] ==> ignore
    arg [/home/rrzhang/.local/gcc-7.3.0/bin/../lib/gcc/x86_64-pc-linux-gnu/7.3.0/crtbegin.o] ==> ignore
    arg [-L/home/rrzhang/.local/gcc-7.3.0/bin/../lib/gcc/x86_64-pc-linux-gnu/7.3.0] ==> dir [/home/rrzhang/.local/gcc-7.3.0/bin/../lib/gcc/x86_64-pc-linux-gnu/7.3.0]
    arg [-L/home/rrzhang/.local/gcc-7.3.0/bin/../lib/gcc] ==> dir [/home/rrzhang/.local/gcc-7.3.0/bin/../lib/gcc]
    arg [-L/home/rrzhang/.local/gcc-7.3.0/bin/../lib/gcc/x86_64-pc-linux-gnu/7.3.0/../../../../lib64] ==> dir [/home/rrzhang/.local/gcc-7.3.0/bin/../lib/gcc/x86_64-pc-linux-gnu/7.3.0/../../../../lib64]
    arg [-L/lib/x86_64-linux-gnu] ==> dir [/lib/x86_64-linux-gnu]
    arg [-L/lib/../lib64] ==> dir [/lib/../lib64]
    arg [-L/usr/lib/x86_64-linux-gnu] ==> dir [/usr/lib/x86_64-linux-gnu]
    arg [-L/home/rrzhang/.local/gcc-7.3.0/bin/../lib/gcc/x86_64-pc-linux-gnu/7.3.0/../../..] ==> dir [/home/rrzhang/.local/gcc-7.3.0/bin/../lib/gcc/x86_64-pc-linux-gnu/7.3.0/../../..]
    arg [CMakeFiles/cmTC_32949.dir/CMakeCXXCompilerABI.cpp.o] ==> ignore
    arg [-lstdc++] ==> lib [stdc++]
    arg [-lm] ==> lib [m]
    arg [-lgcc_s] ==> lib [gcc_s]
    arg [-lgcc] ==> lib [gcc]
    arg [-lc] ==> lib [c]
    arg [-lgcc_s] ==> lib [gcc_s]
    arg [-lgcc] ==> lib [gcc]
    arg [/home/rrzhang/.local/gcc-7.3.0/bin/../lib/gcc/x86_64-pc-linux-gnu/7.3.0/crtend.o] ==> ignore
    arg [/usr/lib/x86_64-linux-gnu/crtn.o] ==> ignore
  collapse library dir [/home/rrzhang/.local/gcc-7.3.0/bin/../lib/gcc/x86_64-pc-linux-gnu/7.3.0] ==> [/home/rrzhang/.local/gcc-7.3.0/lib/gcc/x86_64-pc-linux-gnu/7.3.0]
  collapse library dir [/home/rrzhang/.local/gcc-7.3.0/bin/../lib/gcc] ==> [/home/rrzhang/.local/gcc-7.3.0/lib/gcc]
  collapse library dir [/home/rrzhang/.local/gcc-7.3.0/bin/../lib/gcc/x86_64-pc-linux-gnu/7.3.0/../../../../lib64] ==> [/home/rrzhang/.local/gcc-7.3.0/lib64]
  collapse library dir [/lib/x86_64-linux-gnu] ==> [/lib/x86_64-linux-gnu]
  collapse library dir [/lib/../lib64] ==> [/lib64]
  collapse library dir [/usr/lib/x86_64-linux-gnu] ==> [/usr/lib/x86_64-linux-gnu]
  collapse library dir [/home/rrzhang/.local/gcc-7.3.0/bin/../lib/gcc/x86_64-pc-linux-gnu/7.3.0/../../..] ==> [/home/rrzhang/.local/gcc-7.3.0/lib]
  implicit libs: [stdc++;m;gcc_s;gcc;c;gcc_s;gcc]
  implicit dirs: [/home/rrzhang/.local/gcc-7.3.0/lib/gcc/x86_64-pc-linux-gnu/7.3.0;/home/rrzhang/.local/gcc-7.3.0/lib/gcc;/home/rrzhang/.local/gcc-7.3.0/lib64;/lib/x86_64-linux-gnu;/lib64;/usr/lib/x86_64-linux-gnu;/home/rrzhang/.local/gcc-7.3.0/lib]
  implicit fwks: []




Detecting CXX [-std=c++1z] compiler features compiled with the following output:
Change Dir: /home/rrzhang/WorkSpace/Jetbrains/CLionProjects/test_leveldb/cmake-build-debug/CMakeFiles/CMakeTmp

Run Build Command(s):/home/rrzhang/.local/make-4.2.1/bin/make cmTC_2ef9f/fast 
/home/rrzhang/.local/make-4.2.1/bin/make -f CMakeFiles/cmTC_2ef9f.dir/build.make CMakeFiles/cmTC_2ef9f.dir/build
make[1]: Entering directory '/home/rrzhang/WorkSpace/Jetbrains/CLionProjects/test_leveldb/cmake-build-debug/CMakeFiles/CMakeTmp'
Building CXX object CMakeFiles/cmTC_2ef9f.dir/feature_tests.cxx.o
/home/rrzhang/.local/gcc-7.3.0/bin/g++    -std=c++1z -o CMakeFiles/cmTC_2ef9f.dir/feature_tests.cxx.o -c /home/rrzhang/WorkSpace/Jetbrains/CLionProjects/test_leveldb/cmake-build-debug/CMakeFiles/feature_tests.cxx
Linking CXX executable cmTC_2ef9f
/home/rrzhang/.local/cmake-3.14.0/bin/cmake -E cmake_link_script CMakeFiles/cmTC_2ef9f.dir/link.txt --verbose=1
/home/rrzhang/.local/gcc-7.3.0/bin/g++       CMakeFiles/cmTC_2ef9f.dir/feature_tests.cxx.o  -o cmTC_2ef9f 
make[1]: Leaving directory '/home/rrzhang/WorkSpace/Jetbrains/CLionProjects/test_leveldb/cmake-build-debug/CMakeFiles/CMakeTmp'


    Feature record: CXX_FEATURE:1cxx_aggregate_default_initializers
    Feature record: CXX_FEATURE:1cxx_alias_templates
    Feature record: CXX_FEATURE:1cxx_alignas
    Feature record: CXX_FEATURE:1cxx_alignof
    Feature record: CXX_FEATURE:1cxx_attributes
    Feature record: CXX_FEATURE:1cxx_attribute_deprecated
    Feature record: CXX_FEATURE:1cxx_auto_type
    Feature record: CXX_FEATURE:1cxx_binary_literals
    Feature record: CXX_FEATURE:1cxx_constexpr
    Feature record: CXX_FEATURE:1cxx_contextual_conversions
    Feature record: CXX_FEATURE:1cxx_decltype
    Feature record: CXX_FEATURE:1cxx_decltype_auto
    Feature record: CXX_FEATURE:1cxx_decltype_incomplete_return_types
    Feature record: CXX_FEATURE:1cxx_default_function_template_args
    Feature record: CXX_FEATURE:1cxx_defaulted_functions
    Feature record: CXX_FEATURE:1cxx_defaulted_move_initializers
    Feature record: CXX_FEATURE:1cxx_delegating_constructors
    Feature record: CXX_FEATURE:1cxx_deleted_functions
    Feature record: CXX_FEATURE:1cxx_digit_separators
    Feature record: CXX_FEATURE:1cxx_enum_forward_declarations
    Feature record: CXX_FEATURE:1cxx_explicit_conversions
    Feature record: CXX_FEATURE:1cxx_extended_friend_declarations
    Feature record: CXX_FEATURE:1cxx_extern_templates
    Feature record: CXX_FEATURE:1cxx_final
    Feature record: CXX_FEATURE:1cxx_func_identifier
    Feature record: CXX_FEATURE:1cxx_generalized_initializers
    Feature record: CXX_FEATURE:1cxx_generic_lambdas
    Feature record: CXX_FEATURE:1cxx_inheriting_constructors
    Feature record: CXX_FEATURE:1cxx_inline_namespaces
    Feature record: CXX_FEATURE:1cxx_lambdas
    Feature record: CXX_FEATURE:1cxx_lambda_init_captures
    Feature record: CXX_FEATURE:1cxx_local_type_template_args
    Feature record: CXX_FEATURE:1cxx_long_long_type
    Feature record: CXX_FEATURE:1cxx_noexcept
    Feature record: CXX_FEATURE:1cxx_nonstatic_member_init
    Feature record: CXX_FEATURE:1cxx_nullptr
    Feature record: CXX_FEATURE:1cxx_override
    Feature record: CXX_FEATURE:1cxx_range_for
    Feature record: CXX_FEATURE:1cxx_raw_string_literals
    Feature record: CXX_FEATURE:1cxx_reference_qualified_functions
    Feature record: CXX_FEATURE:1cxx_relaxed_constexpr
    Feature record: CXX_FEATURE:1cxx_return_type_deduction
    Feature record: CXX_FEATURE:1cxx_right_angle_brackets
    Feature record: CXX_FEATURE:1cxx_rvalue_references
    Feature record: CXX_FEATURE:1cxx_sizeof_member
    Feature record: CXX_FEATURE:1cxx_static_assert
    Feature record: CXX_FEATURE:1cxx_strong_enums
    Feature record: CXX_FEATURE:1cxx_template_template_parameters
    Feature record: CXX_FEATURE:1cxx_thread_local
    Feature record: CXX_FEATURE:1cxx_trailing_return_types
    Feature record: CXX_FEATURE:1cxx_unicode_literals
    Feature record: CXX_FEATURE:1cxx_uniform_initialization
    Feature record: CXX_FEATURE:1cxx_unrestricted_unions
    Feature record: CXX_FEATURE:1cxx_user_literals
    Feature record: CXX_FEATURE:1cxx_variable_templates
    Feature record: CXX_FEATURE:1cxx_variadic_macros
    Feature record: CXX_FEATURE:1cxx_variadic_templates


Detecting CXX [-std=c++14] compiler features compiled with the following output:
Change Dir: /home/rrzhang/WorkSpace/Jetbrains/CLionProjects/test_leveldb/cmake-build-debug/CMakeFiles/CMakeTmp

Run Build Command(s):/home/rrzhang/.local/make-4.2.1/bin/make cmTC_c5c0b/fast 
/home/rrzhang/.local/make-4.2.1/bin/make -f CMakeFiles/cmTC_c5c0b.dir/build.make CMakeFiles/cmTC_c5c0b.dir/build
make[1]: Entering directory '/home/rrzhang/WorkSpace/Jetbrains/CLionProjects/test_leveldb/cmake-build-debug/CMakeFiles/CMakeTmp'
Building CXX object CMakeFiles/cmTC_c5c0b.dir/feature_tests.cxx.o
/home/rrzhang/.local/gcc-7.3.0/bin/g++    -std=c++14 -o CMakeFiles/cmTC_c5c0b.dir/feature_tests.cxx.o -c /home/rrzhang/WorkSpace/Jetbrains/CLionProjects/test_leveldb/cmake-build-debug/CMakeFiles/feature_tests.cxx
Linking CXX executable cmTC_c5c0b
/home/rrzhang/.local/cmake-3.14.0/bin/cmake -E cmake_link_script CMakeFiles/cmTC_c5c0b.dir/link.txt --verbose=1
/home/rrzhang/.local/gcc-7.3.0/bin/g++       CMakeFiles/cmTC_c5c0b.dir/feature_tests.cxx.o  -o cmTC_c5c0b 
make[1]: Leaving directory '/home/rrzhang/WorkSpace/Jetbrains/CLionProjects/test_leveldb/cmake-build-debug/CMakeFiles/CMakeTmp'


    Feature record: CXX_FEATURE:1cxx_aggregate_default_initializers
    Feature record: CXX_FEATURE:1cxx_alias_templates
    Feature record: CXX_FEATURE:1cxx_alignas
    Feature record: CXX_FEATURE:1cxx_alignof
    Feature record: CXX_FEATURE:1cxx_attributes
    Feature record: CXX_FEATURE:1cxx_attribute_deprecated
    Feature record: CXX_FEATURE:1cxx_auto_type
    Feature record: CXX_FEATURE:1cxx_binary_literals
    Feature record: CXX_FEATURE:1cxx_constexpr
    Feature record: CXX_FEATURE:1cxx_contextual_conversions
    Feature record: CXX_FEATURE:1cxx_decltype
    Feature record: CXX_FEATURE:1cxx_decltype_auto
    Feature record: CXX_FEATURE:1cxx_decltype_incomplete_return_types
    Feature record: CXX_FEATURE:1cxx_default_function_template_args
    Feature record: CXX_FEATURE:1cxx_defaulted_functions
    Feature record: CXX_FEATURE:1cxx_defaulted_move_initializers
    Feature record: CXX_FEATURE:1cxx_delegating_constructors
    Feature record: CXX_FEATURE:1cxx_deleted_functions
    Feature record: CXX_FEATURE:1cxx_digit_separators
    Feature record: CXX_FEATURE:1cxx_enum_forward_declarations
    Feature record: CXX_FEATURE:1cxx_explicit_conversions
    Feature record: CXX_FEATURE:1cxx_extended_friend_declarations
    Feature record: CXX_FEATURE:1cxx_extern_templates
    Feature record: CXX_FEATURE:1cxx_final
    Feature record: CXX_FEATURE:1cxx_func_identifier
    Feature record: CXX_FEATURE:1cxx_generalized_initializers
    Feature record: CXX_FEATURE:1cxx_generic_lambdas
    Feature record: CXX_FEATURE:1cxx_inheriting_constructors
    Feature record: CXX_FEATURE:1cxx_inline_namespaces
    Feature record: CXX_FEATURE:1cxx_lambdas
    Feature record: CXX_FEATURE:1cxx_lambda_init_captures
    Feature record: CXX_FEATURE:1cxx_local_type_template_args
    Feature record: CXX_FEATURE:1cxx_long_long_type
    Feature record: CXX_FEATURE:1cxx_noexcept
    Feature record: CXX_FEATURE:1cxx_nonstatic_member_init
    Feature record: CXX_FEATURE:1cxx_nullptr
    Feature record: CXX_FEATURE:1cxx_override
    Feature record: CXX_FEATURE:1cxx_range_for
    Feature record: CXX_FEATURE:1cxx_raw_string_literals
    Feature record: CXX_FEATURE:1cxx_reference_qualified_functions
    Feature record: CXX_FEATURE:1cxx_relaxed_constexpr
    Feature record: CXX_FEATURE:1cxx_return_type_deduction
    Feature record: CXX_FEATURE:1cxx_right_angle_brackets
    Feature record: CXX_FEATURE:1cxx_rvalue_references
    Feature record: CXX_FEATURE:1cxx_sizeof_member
    Feature record: CXX_FEATURE:1cxx_static_assert
    Feature record: CXX_FEATURE:1cxx_strong_enums
    Feature record: CXX_FEATURE:1cxx_template_template_parameters
    Feature record: CXX_FEATURE:1cxx_thread_local
    Feature record: CXX_FEATURE:1cxx_trailing_return_types
    Feature record: CXX_FEATURE:1cxx_unicode_literals
    Feature record: CXX_FEATURE:1cxx_uniform_initialization
    Feature record: CXX_FEATURE:1cxx_unrestricted_unions
    Feature record: CXX_FEATURE:1cxx_user_literals
    Feature record: CXX_FEATURE:1cxx_variable_templates
    Feature record: CXX_FEATURE:1cxx_variadic_macros
    Feature record: CXX_FEATURE:1cxx_variadic_templates


Detecting CXX [-std=c++11] compiler features compiled with the following output:
Change Dir: /home/rrzhang/WorkSpace/Jetbrains/CLionProjects/test_leveldb/cmake-build-debug/CMakeFiles/CMakeTmp

Run Build Command(s):/home/rrzhang/.local/make-4.2.1/bin/make cmTC_1b824/fast 
/home/rrzhang/.local/make-4.2.1/bin/make -f CMakeFiles/cmTC_1b824.dir/build.make CMakeFiles/cmTC_1b824.dir/build
make[1]: Entering directory '/home/rrzhang/WorkSpace/Jetbrains/CLionProjects/test_leveldb/cmake-build-debug/CMakeFiles/CMakeTmp'
Building CXX object CMakeFiles/cmTC_1b824.dir/feature_tests.cxx.o
/home/rrzhang/.local/gcc-7.3.0/bin/g++    -std=c++11 -o CMakeFiles/cmTC_1b824.dir/feature_tests.cxx.o -c /home/rrzhang/WorkSpace/Jetbrains/CLionProjects/test_leveldb/cmake-build-debug/CMakeFiles/feature_tests.cxx
Linking CXX executable cmTC_1b824
/home/rrzhang/.local/cmake-3.14.0/bin/cmake -E cmake_link_script CMakeFiles/cmTC_1b824.dir/link.txt --verbose=1
/home/rrzhang/.local/gcc-7.3.0/bin/g++       CMakeFiles/cmTC_1b824.dir/feature_tests.cxx.o  -o cmTC_1b824 
make[1]: Leaving directory '/home/rrzhang/WorkSpace/Jetbrains/CLionProjects/test_leveldb/cmake-build-debug/CMakeFiles/CMakeTmp'


    Feature record: CXX_FEATURE:0cxx_aggregate_default_initializers
    Feature record: CXX_FEATURE:1cxx_alias_templates
    Feature record: CXX_FEATURE:1cxx_alignas
    Feature record: CXX_FEATURE:1cxx_alignof
    Feature record: CXX_FEATURE:1cxx_attributes
    Feature record: CXX_FEATURE:0cxx_attribute_deprecated
    Feature record: CXX_FEATURE:1cxx_auto_type
    Feature record: CXX_FEATURE:0cxx_binary_literals
    Feature record: CXX_FEATURE:1cxx_constexpr
    Feature record: CXX_FEATURE:0cxx_contextual_conversions
    Feature record: CXX_FEATURE:1cxx_decltype
    Feature record: CXX_FEATURE:0cxx_decltype_auto
    Feature record: CXX_FEATURE:1cxx_decltype_incomplete_return_types
    Feature record: CXX_FEATURE:1cxx_default_function_template_args
    Feature record: CXX_FEATURE:1cxx_defaulted_functions
    Feature record: CXX_FEATURE:1cxx_defaulted_move_initializers
    Feature record: CXX_FEATURE:1cxx_delegating_constructors
    Feature record: CXX_FEATURE:1cxx_deleted_functions
    Feature record: CXX_FEATURE:0cxx_digit_separators
    Feature record: CXX_FEATURE:1cxx_enum_forward_declarations
    Feature record: CXX_FEATURE:1cxx_explicit_conversions
    Feature record: CXX_FEATURE:1cxx_extended_friend_declarations
    Feature record: CXX_FEATURE:1cxx_extern_templates
    Feature record: CXX_FEATURE:1cxx_final
    Feature record: CXX_FEATURE:1cxx_func_identifier
    Feature record: CXX_FEATURE:1cxx_generalized_initializers
    Feature record: CXX_FEATURE:0cxx_generic_lambdas
    Feature record: CXX_FEATURE:1cxx_inheriting_constructors
    Feature record: CXX_FEATURE:1cxx_inline_namespaces
    Feature record: CXX_FEATURE:1cxx_lambdas
    Feature record: CXX_FEATURE:0cxx_lambda_init_captures
    Feature record: CXX_FEATURE:1cxx_local_type_template_args
    Feature record: CXX_FEATURE:1cxx_long_long_type
    Feature record: CXX_FEATURE:1cxx_noexcept
    Feature record: CXX_FEATURE:1cxx_nonstatic_member_init
    Feature record: CXX_FEATURE:1cxx_nullptr
    Feature record: CXX_FEATURE:1cxx_override
    Feature record: CXX_FEATURE:1cxx_range_for
    Feature record: CXX_FEATURE:1cxx_raw_string_literals
    Feature record: CXX_FEATURE:1cxx_reference_qualified_functions
    Feature record: CXX_FEATURE:0cxx_relaxed_constexpr
    Feature record: CXX_FEATURE:0cxx_return_type_deduction
    Feature record: CXX_FEATURE:1cxx_right_angle_brackets
    Feature record: CXX_FEATURE:1cxx_rvalue_references
    Feature record: CXX_FEATURE:1cxx_sizeof_member
    Feature record: CXX_FEATURE:1cxx_static_assert
    Feature record: CXX_FEATURE:1cxx_strong_enums
    Feature record: CXX_FEATURE:1cxx_template_template_parameters
    Feature record: CXX_FEATURE:1cxx_thread_local
    Feature record: CXX_FEATURE:1cxx_trailing_return_types
    Feature record: CXX_FEATURE:1cxx_unicode_literals
    Feature record: CXX_FEATURE:1cxx_uniform_initialization
    Feature record: CXX_FEATURE:1cxx_unrestricted_unions
    Feature record: CXX_FEATURE:1cxx_user_literals
    Feature record: CXX_FEATURE:0cxx_variable_templates
    Feature record: CXX_FEATURE:1cxx_variadic_macros
    Feature record: CXX_FEATURE:1cxx_variadic_templates


Detecting CXX [-std=c++98] compiler features compiled with the following output:
Change Dir: /home/rrzhang/WorkSpace/Jetbrains/CLionProjects/test_leveldb/cmake-build-debug/CMakeFiles/CMakeTmp

Run Build Command(s):/home/rrzhang/.local/make-4.2.1/bin/make cmTC_17756/fast 
/home/rrzhang/.local/make-4.2.1/bin/make -f CMakeFiles/cmTC_17756.dir/build.make CMakeFiles/cmTC_17756.dir/build
make[1]: Entering directory '/home/rrzhang/WorkSpace/Jetbrains/CLionProjects/test_leveldb/cmake-build-debug/CMakeFiles/CMakeTmp'
Building CXX object CMakeFiles/cmTC_17756.dir/feature_tests.cxx.o
/home/rrzhang/.local/gcc-7.3.0/bin/g++    -std=c++98 -o CMakeFiles/cmTC_17756.dir/feature_tests.cxx.o -c /home/rrzhang/WorkSpace/Jetbrains/CLionProjects/test_leveldb/cmake-build-debug/CMakeFiles/feature_tests.cxx
Linking CXX executable cmTC_17756
/home/rrzhang/.local/cmake-3.14.0/bin/cmake -E cmake_link_script CMakeFiles/cmTC_17756.dir/link.txt --verbose=1
/home/rrzhang/.local/gcc-7.3.0/bin/g++       CMakeFiles/cmTC_17756.dir/feature_tests.cxx.o  -o cmTC_17756 
make[1]: Leaving directory '/home/rrzhang/WorkSpace/Jetbrains/CLionProjects/test_leveldb/cmake-build-debug/CMakeFiles/CMakeTmp'


    Feature record: CXX_FEATURE:0cxx_aggregate_default_initializers
    Feature record: CXX_FEATURE:0cxx_alias_templates
    Feature record: CXX_FEATURE:0cxx_alignas
    Feature record: CXX_FEATURE:0cxx_alignof
    Feature record: CXX_FEATURE:0cxx_attributes
    Feature record: CXX_FEATURE:0cxx_attribute_deprecated
    Feature record: CXX_FEATURE:0cxx_auto_type
    Feature record: CXX_FEATURE:0cxx_binary_literals
    Feature record: CXX_FEATURE:0cxx_constexpr
    Feature record: CXX_FEATURE:0cxx_contextual_conversions
    Feature record: CXX_FEATURE:0cxx_decltype
    Feature record: CXX_FEATURE:0cxx_decltype_auto
    Feature record: CXX_FEATURE:0cxx_decltype_incomplete_return_types
    Feature record: CXX_FEATURE:0cxx_default_function_template_args
    Feature record: CXX_FEATURE:0cxx_defaulted_functions
    Feature record: CXX_FEATURE:0cxx_defaulted_move_initializers
    Feature record: CXX_FEATURE:0cxx_delegating_constructors
    Feature record: CXX_FEATURE:0cxx_deleted_functions
    Feature record: CXX_FEATURE:0cxx_digit_separators
    Feature record: CXX_FEATURE:0cxx_enum_forward_declarations
    Feature record: CXX_FEATURE:0cxx_explicit_conversions
    Feature record: CXX_FEATURE:0cxx_extended_friend_declarations
    Feature record: CXX_FEATURE:0cxx_extern_templates
    Feature record: CXX_FEATURE:0cxx_final
    Feature record: CXX_FEATURE:0cxx_func_identifier
    Feature record: CXX_FEATURE:0cxx_generalized_initializers
    Feature record: CXX_FEATURE:0cxx_generic_lambdas
    Feature record: CXX_FEATURE:0cxx_inheriting_constructors
    Feature record: CXX_FEATURE:0cxx_inline_namespaces
    Feature record: CXX_FEATURE:0cxx_lambdas
    Feature record: CXX_FEATURE:0cxx_lambda_init_captures
    Feature record: CXX_FEATURE:0cxx_local_type_template_args
    Feature record: CXX_FEATURE:0cxx_long_long_type
    Feature record: CXX_FEATURE:0cxx_noexcept
    Feature record: CXX_FEATURE:0cxx_nonstatic_member_init
    Feature record: CXX_FEATURE:0cxx_nullptr
    Feature record: CXX_FEATURE:0cxx_override
    Feature record: CXX_FEATURE:0cxx_range_for
    Feature record: CXX_FEATURE:0cxx_raw_string_literals
    Feature record: CXX_FEATURE:0cxx_reference_qualified_functions
    Feature record: CXX_FEATURE:0cxx_relaxed_constexpr
    Feature record: CXX_FEATURE:0cxx_return_type_deduction
    Feature record: CXX_FEATURE:0cxx_right_angle_brackets
    Feature record: CXX_FEATURE:0cxx_rvalue_references
    Feature record: CXX_FEATURE:0cxx_sizeof_member
    Feature record: CXX_FEATURE:0cxx_static_assert
    Feature record: CXX_FEATURE:0cxx_strong_enums
    Feature record: CXX_FEATURE:1cxx_template_template_parameters
    Feature record: CXX_FEATURE:0cxx_thread_local
    Feature record: CXX_FEATURE:0cxx_trailing_return_types
    Feature record: CXX_FEATURE:0cxx_unicode_literals
    Feature record: CXX_FEATURE:0cxx_uniform_initialization
    Feature record: CXX_FEATURE:0cxx_unrestricted_unions
    Feature record: CXX_FEATURE:0cxx_user_literals
    Feature record: CXX_FEATURE:0cxx_variable_templates
    Feature record: CXX_FEATURE:0cxx_variadic_macros
    Feature record: CXX_FEATURE:0cxx_variadic_templates
Determining if the include file pthread.h exists passed with the following output:
Change Dir: /home/rrzhang/WorkSpace/Jetbrains/CLionProjects/test_leveldb/cmake-build-debug/CMakeFiles/CMakeTmp

Run Build Command(s):/home/rrzhang/.local/make-4.2.1/bin/make cmTC_3fb29/fast 
/home/rrzhang/.local/make-4.2.1/bin/make -f CMakeFiles/cmTC_3fb29.dir/build.make CMakeFiles/cmTC_3fb29.dir/build
make[1]: Entering directory '/home/rrzhang/WorkSpace/Jetbrains/CLionProjects/test_leveldb/cmake-build-debug/CMakeFiles/CMakeTmp'
Building C object CMakeFiles/cmTC_3fb29.dir/CheckIncludeFile.c.o
/home/rrzhang/.local/gcc-7.3.0/bin/gcc    -o CMakeFiles/cmTC_3fb29.dir/CheckIncludeFile.c.o   -c /home/rrzhang/WorkSpace/Jetbrains/CLionProjects/test_leveldb/cmake-build-debug/CMakeFiles/CMakeTmp/CheckIncludeFile.c
Linking C executable cmTC_3fb29
/home/rrzhang/.local/cmake-3.14.0/bin/cmake -E cmake_link_script CMakeFiles/cmTC_3fb29.dir/link.txt --verbose=1
/home/rrzhang/.local/gcc-7.3.0/bin/gcc      CMakeFiles/cmTC_3fb29.dir/CheckIncludeFile.c.o  -o cmTC_3fb29 
make[1]: Leaving directory '/home/rrzhang/WorkSpace/Jetbrains/CLionProjects/test_leveldb/cmake-build-debug/CMakeFiles/CMakeTmp'


Determining if the function pthread_create exists in the pthread passed with the following output:
Change Dir: /home/rrzhang/WorkSpace/Jetbrains/CLionProjects/test_leveldb/cmake-build-debug/CMakeFiles/CMakeTmp

Run Build Command(s):/home/rrzhang/.local/make-4.2.1/bin/make cmTC_ecc59/fast 
/home/rrzhang/.local/make-4.2.1/bin/make -f CMakeFiles/cmTC_ecc59.dir/build.make CMakeFiles/cmTC_ecc59.dir/build
make[1]: Entering directory '/home/rrzhang/WorkSpace/Jetbrains/CLionProjects/test_leveldb/cmake-build-debug/CMakeFiles/CMakeTmp'
Building C object CMakeFiles/cmTC_ecc59.dir/CheckFunctionExists.c.o
/home/rrzhang/.local/gcc-7.3.0/bin/gcc   -DCHECK_FUNCTION_EXISTS=pthread_create   -o CMakeFiles/cmTC_ecc59.dir/CheckFunctionExists.c.o   -c /home/rrzhang/.local/cmake-3.14.0/share/cmake-3.14/Modules/CheckFunctionExists.c
Linking C executable cmTC_ecc59
/home/rrzhang/.local/cmake-3.14.0/bin/cmake -E cmake_link_script CMakeFiles/cmTC_ecc59.dir/link.txt --verbose=1
/home/rrzhang/.local/gcc-7.3.0/bin/gcc  -DCHECK_FUNCTION_EXISTS=pthread_create    CMakeFiles/cmTC_ecc59.dir/CheckFunctionExists.c.o  -o cmTC_ecc59 -lpthread 
make[1]: Leaving directory '/home/rrzhang/WorkSpace/Jetbrains/CLionProjects/test_leveldb/cmake-build-debug/CMakeFiles/CMakeTmp'


